2022-03-05 09:08:23,835 INFO notifyConnectTimeout:200

2022-03-05 09:08:23,861 INFO notifySocketTimeout:8000

2022-03-05 09:08:23,861 INFO isHealthCheck:true

2022-03-05 09:08:23,861 INFO maxHealthCheckFailCount:12

2022-03-05 09:08:23,861 INFO maxContent:10485760

2022-03-05 09:08:50,013 INFO use local db service for init

2022-03-05 09:08:55,753 WARN Lexical error at line 4, column 66.  Encountered: <EOF> after : "".

2022-03-05 09:08:55,861 WARN Syntax error: Encountered "*" at line 1, column 1.

2022-03-05 09:08:56,027 WARN Table/View 'CONFIG_INFO' already exists in Schema 'NACOS'.

2022-03-05 09:08:56,248 WARN Table/View 'HIS_CONFIG_INFO' already exists in Schema 'NACOS'.

2022-03-05 09:08:56,381 WARN Table/View 'CONFIG_INFO_BETA' already exists in Schema 'NACOS'.

2022-03-05 09:08:56,474 WARN Table/View 'CONFIG_INFO_TAG' already exists in Schema 'NACOS'.

2022-03-05 09:08:56,560 WARN Table/View 'CONFIG_INFO_AGGR' already exists in Schema 'NACOS'.

2022-03-05 09:08:56,648 WARN Table/View 'APP_LIST' already exists in Schema 'NACOS'.

2022-03-05 09:08:56,738 WARN Table/View 'APP_CONFIGDATA_RELATION_SUBS' already exists in Schema 'NACOS'.

2022-03-05 09:08:56,816 WARN Table/View 'APP_CONFIGDATA_RELATION_PUBS' already exists in Schema 'NACOS'.

2022-03-05 09:08:56,894 WARN Table/View 'CONFIG_TAGS_RELATION' already exists in Schema 'NACOS'.

2022-03-05 09:08:57,006 WARN Table/View 'GROUP_CAPACITY' already exists in Schema 'NACOS'.

2022-03-05 09:08:57,083 WARN Table/View 'TENANT_CAPACITY' already exists in Schema 'NACOS'.

2022-03-05 09:08:57,161 WARN Table/View 'TENANT_INFO' already exists in Schema 'NACOS'.

2022-03-05 09:08:57,261 WARN Table/View 'USERS' already exists in Schema 'NACOS'.

2022-03-05 09:08:57,341 WARN Table/View 'ROLES' already exists in Schema 'NACOS'.

2022-03-05 09:08:57,428 WARN Table/View 'PERMISSIONS' already exists in Schema 'NACOS'.

2022-03-05 09:08:57,811 WARN The statement was aborted because it would have caused a duplicate key value in a unique or primary key constraint or unique index identified by 'SQL200530124226890' defined on 'USERS'.

2022-03-05 09:08:57,816 WARN Lexical error at line 4, column 13.  Encountered: "`" (96), after : "".

2022-03-05 09:08:57,817 WARN Lexical error at line 1, column 13.  Encountered: "`" (96), after : "".

2022-03-05 09:08:57,817 WARN Lexical error at line 1, column 13.  Encountered: "`" (96), after : "".

2022-03-05 09:08:57,817 WARN Lexical error at line 1, column 13.  Encountered: "`" (96), after : "".

2022-03-05 09:08:57,818 INFO use StandaloneDatabaseOperateImpl

2022-03-05 09:09:01,067 WARN DumpService start

2022-03-05 09:09:01,068 INFO start clear all config-info.

2022-03-05 09:09:01,069 WARN clear all config-info failed.

2022-03-05 09:09:01,069 WARN clear all config-info-tenant failed.

2022-03-05 09:09:01,680 INFO [all-dump] 470984830412656640 / 470984830412656640

2022-03-05 09:09:01,680 INFO start clear all config-info-beta.

2022-03-05 09:09:01,681 WARN clear all config-info-beta failed.

2022-03-05 09:09:01,681 WARN clear all config-info-beta-tenant failed.

2022-03-05 09:09:01,712 INFO start clear all config-info-tag.

2022-03-05 09:09:01,712 WARN clear all config-info-tag failed.

2022-03-05 09:09:01,713 WARN clear all config-info-tag-tenant failed.

2022-03-05 09:19:25,968 INFO notifyConnectTimeout:200

2022-03-05 09:19:26,011 INFO notifySocketTimeout:8000

2022-03-05 09:19:26,011 INFO isHealthCheck:true

2022-03-05 09:19:26,011 INFO maxHealthCheckFailCount:12

2022-03-05 09:19:26,011 INFO maxContent:10485760

2022-03-05 09:19:41,810 INFO use local db service for init

2022-03-05 09:19:46,680 WARN Lexical error at line 4, column 66.  Encountered: <EOF> after : "".

2022-03-05 09:19:46,767 WARN Syntax error: Encountered "*" at line 1, column 1.

2022-03-05 09:19:46,935 WARN Table/View 'CONFIG_INFO' already exists in Schema 'NACOS'.

2022-03-05 09:19:47,200 WARN Table/View 'HIS_CONFIG_INFO' already exists in Schema 'NACOS'.

2022-03-05 09:19:47,343 WARN Table/View 'CONFIG_INFO_BETA' already exists in Schema 'NACOS'.

2022-03-05 09:19:47,424 WARN Table/View 'CONFIG_INFO_TAG' already exists in Schema 'NACOS'.

2022-03-05 09:19:47,521 WARN Table/View 'CONFIG_INFO_AGGR' already exists in Schema 'NACOS'.

2022-03-05 09:19:47,623 WARN Table/View 'APP_LIST' already exists in Schema 'NACOS'.

2022-03-05 09:19:47,699 WARN Table/View 'APP_CONFIGDATA_RELATION_SUBS' already exists in Schema 'NACOS'.

2022-03-05 09:19:47,767 WARN Table/View 'APP_CONFIGDATA_RELATION_PUBS' already exists in Schema 'NACOS'.

2022-03-05 09:19:47,845 WARN Table/View 'CONFIG_TAGS_RELATION' already exists in Schema 'NACOS'.

2022-03-05 09:19:47,958 WARN Table/View 'GROUP_CAPACITY' already exists in Schema 'NACOS'.

2022-03-05 09:19:48,058 WARN Table/View 'TENANT_CAPACITY' already exists in Schema 'NACOS'.

2022-03-05 09:19:48,147 WARN Table/View 'TENANT_INFO' already exists in Schema 'NACOS'.

2022-03-05 09:19:48,278 WARN Table/View 'USERS' already exists in Schema 'NACOS'.

2022-03-05 09:19:48,357 WARN Table/View 'ROLES' already exists in Schema 'NACOS'.

2022-03-05 09:19:48,435 WARN Table/View 'PERMISSIONS' already exists in Schema 'NACOS'.

2022-03-05 09:19:48,752 WARN The statement was aborted because it would have caused a duplicate key value in a unique or primary key constraint or unique index identified by 'SQL200530124226890' defined on 'USERS'.

2022-03-05 09:19:48,758 WARN Lexical error at line 4, column 13.  Encountered: "`" (96), after : "".

2022-03-05 09:19:48,758 WARN Lexical error at line 1, column 13.  Encountered: "`" (96), after : "".

2022-03-05 09:19:48,759 WARN Lexical error at line 1, column 13.  Encountered: "`" (96), after : "".

2022-03-05 09:19:48,760 WARN Lexical error at line 1, column 13.  Encountered: "`" (96), after : "".

2022-03-05 09:19:48,760 INFO use StandaloneDatabaseOperateImpl

2022-03-05 09:19:51,832 WARN DumpService start

2022-03-05 09:19:51,833 INFO start clear all config-info.

2022-03-05 09:19:51,835 WARN clear all config-info failed.

2022-03-05 09:19:51,835 WARN clear all config-info-tenant failed.

2022-03-05 09:19:52,380 INFO [all-dump] 470984830412656640 / 470984830412656640

2022-03-05 09:19:52,380 INFO start clear all config-info-beta.

2022-03-05 09:19:52,380 WARN clear all config-info-beta failed.

2022-03-05 09:19:52,381 WARN clear all config-info-beta-tenant failed.

2022-03-05 09:19:52,509 INFO start clear all config-info-tag.

2022-03-05 09:19:52,509 WARN clear all config-info-tag failed.

2022-03-05 09:19:52,509 WARN clear all config-info-tag-tenant failed.

