2022-02-22 23:51:45,881 WARN [LOAD-USERS] load failed

org.springframework.jdbc.UncategorizedSQLException: PreparedStatementCallback; uncategorized SQLException for SQL [select count(*) from users where  1=1 ]; SQL state [XSDA4]; error code [20000]; An unexpected exception was thrown; nested exception is java.sql.SQLException: An unexpected exception was thrown
	at org.springframework.jdbc.support.AbstractFallbackSQLExceptionTranslator.translate(AbstractFallbackSQLExceptionTranslator.java:89)
	at org.springframework.jdbc.support.AbstractFallbackSQLExceptionTranslator.translate(AbstractFallbackSQLExceptionTranslator.java:81)
	at org.springframework.jdbc.support.AbstractFallbackSQLExceptionTranslator.translate(AbstractFallbackSQLExceptionTranslator.java:81)
	at org.springframework.jdbc.core.JdbcTemplate.translateException(JdbcTemplate.java:1443)
	at org.springframework.jdbc.core.JdbcTemplate.execute(JdbcTemplate.java:633)
	at org.springframework.jdbc.core.JdbcTemplate.query(JdbcTemplate.java:669)
	at org.springframework.jdbc.core.JdbcTemplate.query(JdbcTemplate.java:700)
	at org.springframework.jdbc.core.JdbcTemplate.query(JdbcTemplate.java:712)
	at org.springframework.jdbc.core.JdbcTemplate.queryForObject(JdbcTemplate.java:783)
	at org.springframework.jdbc.core.JdbcTemplate.queryForObject(JdbcTemplate.java:804)
	at com.alibaba.nacos.config.server.service.repository.embedded.BaseDatabaseOperate.queryOne(BaseDatabaseOperate.java:83)
	at com.alibaba.nacos.config.server.service.repository.embedded.StandaloneDatabaseOperateImpl.queryOne(StandaloneDatabaseOperateImpl.java:73)
	at com.alibaba.nacos.config.server.service.repository.embedded.EmbeddedPaginationHelperImpl.fetchPage(EmbeddedPaginationHelperImpl.java:65)
	at com.alibaba.nacos.config.server.service.repository.embedded.EmbeddedPaginationHelperImpl.fetchPage(EmbeddedPaginationHelperImpl.java:55)
	at com.alibaba.nacos.config.server.auth.EmbeddedUserPersistServiceImpl.getUsers(EmbeddedUserPersistServiceImpl.java:112)
	at com.alibaba.nacos.console.security.nacos.users.NacosUserDetailsServiceImpl.getUsersFromDatabase(NacosUserDetailsServiceImpl.java:89)
	at com.alibaba.nacos.console.security.nacos.users.NacosUserDetailsServiceImpl.reload(NacosUserDetailsServiceImpl.java:55)
	at sun.reflect.NativeMethodAccessorImpl.invoke0(Native Method)
	at sun.reflect.NativeMethodAccessorImpl.invoke(NativeMethodAccessorImpl.java:62)
	at sun.reflect.DelegatingMethodAccessorImpl.invoke(DelegatingMethodAccessorImpl.java:43)
	at java.lang.reflect.Method.invoke(Method.java:498)
	at org.springframework.scheduling.support.ScheduledMethodRunnable.run(ScheduledMethodRunnable.java:84)
	at org.springframework.scheduling.support.DelegatingErrorHandlingRunnable.run(DelegatingErrorHandlingRunnable.java:54)
	at java.util.concurrent.Executors$RunnableAdapter.call(Executors.java:511)
	at java.util.concurrent.FutureTask.runAndReset(FutureTask.java:308)
	at java.util.concurrent.ScheduledThreadPoolExecutor$ScheduledFutureTask.access$301(ScheduledThreadPoolExecutor.java:180)
	at java.util.concurrent.ScheduledThreadPoolExecutor$ScheduledFutureTask.run(ScheduledThreadPoolExecutor.java:294)
	at java.util.concurrent.ThreadPoolExecutor.runWorker(ThreadPoolExecutor.java:1149)
	at java.util.concurrent.ThreadPoolExecutor$Worker.run(ThreadPoolExecutor.java:624)
	at java.lang.Thread.run(Thread.java:748)
Caused by: java.sql.SQLException: An unexpected exception was thrown
	at org.apache.derby.impl.jdbc.SQLExceptionFactory.getSQLException(Unknown Source)
	at org.apache.derby.impl.jdbc.SQLExceptionFactory.getSQLException(Unknown Source)
	at org.apache.derby.impl.jdbc.Util.seeNextException(Unknown Source)
	at org.apache.derby.impl.jdbc.TransactionResourceImpl.wrapInSQLException(Unknown Source)
	at org.apache.derby.impl.jdbc.TransactionResourceImpl.handleException(Unknown Source)
	at org.apache.derby.impl.jdbc.EmbedConnection.handleException(Unknown Source)
	at org.apache.derby.impl.jdbc.ConnectionChild.handleException(Unknown Source)
	at org.apache.derby.impl.jdbc.EmbedPreparedStatement.<init>(Unknown Source)
	at org.apache.derby.impl.jdbc.EmbedPreparedStatement42.<init>(Unknown Source)
	at org.apache.derby.jdbc.Driver42.newEmbedPreparedStatement(Unknown Source)
	at org.apache.derby.impl.jdbc.EmbedConnection.prepareStatement(Unknown Source)
	at org.apache.derby.impl.jdbc.EmbedConnection.prepareStatement(Unknown Source)
	at com.zaxxer.hikari.pool.ProxyConnection.prepareStatement(ProxyConnection.java:316)
	at com.zaxxer.hikari.pool.HikariProxyConnection.prepareStatement(HikariProxyConnection.java)
	at org.springframework.jdbc.core.JdbcTemplate$SimplePreparedStatementCreator.createPreparedStatement(JdbcTemplate.java:1556)
	at org.springframework.jdbc.core.JdbcTemplate.execute(JdbcTemplate.java:615)
	... 25 common frames omitted
Caused by: org.apache.derby.iapi.error.StandardException: An unexpected exception was thrown
	at org.apache.derby.iapi.error.StandardException.newException(Unknown Source)
	at org.apache.derby.impl.jdbc.SQLExceptionFactory.wrapArgsForTransportAcrossDRDA(Unknown Source)
	... 41 common frames omitted
Caused by: org.apache.derby.iapi.error.StandardException: Unrecoverable internal error encountered while attempting to read low level metadata about the table or index. Please provide your support organization with the following exception information: Failed: arraycopy of embryonic page byte[204] to container information byte[80]. Values of variables and constants: MAX_BORROWED_SPACE: 204, BORROWED_SPACE_OFFSET(108) + BORROWED_SPACE_LENG(1) = 109; arraycopylength: 120; embryonic page Hex dump:
00000000: 241a 9c92 6d85 ce6d 6f93 4cd2 44fc dc3b  ..ﾜﾒmﾅￎmoﾓLￒD.ￜ.
00000010: 9825 67cf 3f77 eac1 c5b7 19f8 16ee f96f  ﾘ.gￏ.w..ￅﾷ.....o
00000020: 7648 30f5 c961 8735 a3da 2aee a0d8 92c3  vH0..aﾇ5ﾣￚ..ﾠ.ﾒￃ
00000030: cc6c cd9b 9b53 a069 7901 e494 72d5 4f37  ￌlￍﾛﾛSﾠiy..ﾔrￕO7
00000040: aa93 9e81 254c 5ddd d725 b1ba 1cc7 686b  ﾪﾓﾞﾁ.L..ￗ.ﾱﾺ.ￇhk
00000050: 00b6 abb7 f73e 7631 ad48 42a3 aeb1 05df  .ﾶﾫﾷ..v1ﾭHBﾣﾮﾱ..
00000060: deda 645c 8128 1365 0b6f 1f49 78a2 3e33  .ￚd.ﾁ..e.o.Ixﾢ.3
00000070: b401 3642 5325 ccd8 e193 287f 0a9c db66  ﾴ.6BS.ￌ..ﾓ...ﾜￛf
00000080: 1224 c368 fd17 e90c bfb6 e565 d48e f4da  ..ￃh.....ﾶ.eￔﾎ.ￚ
00000090: e848 9c1e 8f01 8260 15dd b60b 667b 900e  .Hﾜ.ﾏ.ﾂ...ﾶ.f.ﾐ.
000000a0: 466f a904 59f2 bfd4 f301 4030 3075 4d62  Foﾩ.Y..ￔ...00uMb
000000b0: 1c92 7a2d ebec 5808 4924 1d26 c267 66d6  .ﾒz...X.I...ￂgfￖ
000000c0: fab6 37d3 b4de 757c 274b 2ecc  .ﾶ7ￓﾴ.u..K.ￌ
.
	at org.apache.derby.iapi.error.StandardException.newException(Unknown Source)
	at org.apache.derby.impl.store.raw.data.AllocPage.ReadContainerInfo(Unknown Source)
	at org.apache.derby.impl.store.raw.data.FileContainer.readHeader(Unknown Source)
	at org.apache.derby.impl.store.raw.data.RAFContainer.run(Unknown Source)
	at java.security.AccessController.doPrivileged(Native Method)
	at org.apache.derby.impl.store.raw.data.RAFContainer.openContainer(Unknown Source)
	at org.apache.derby.impl.store.raw.data.RAFContainer4.openContainer(Unknown Source)
	at org.apache.derby.impl.store.raw.data.FileContainer.setIdent(Unknown Source)
	at org.apache.derby.impl.store.raw.data.FileContainer.setIdentity(Unknown Source)
	at org.apache.derby.impl.services.cache.ConcurrentCache.find(Unknown Source)
	at org.apache.derby.impl.store.raw.data.BaseDataFileFactory.openContainer(Unknown Source)
	at org.apache.derby.impl.store.raw.data.BaseDataFileFactory.openContainer(Unknown Source)
	at org.apache.derby.impl.store.raw.xact.Xact.openContainer(Unknown Source)
	at org.apache.derby.impl.store.access.btree.index.B2IFactory.readConglomerate(Unknown Source)
	at org.apache.derby.impl.store.access.CacheableConglomerate.setIdentity(Unknown Source)
	at org.apache.derby.impl.services.cache.ConcurrentCache.find(Unknown Source)
	at org.apache.derby.impl.store.access.RAMAccessManager.conglomCacheFind(Unknown Source)
	at org.apache.derby.impl.store.access.RAMTransaction.findConglomerate(Unknown Source)
	at org.apache.derby.impl.store.access.RAMTransaction.findExistingConglomerate(Unknown Source)
	at org.apache.derby.impl.store.access.RAMTransaction.openStoreCost(Unknown Source)
	at org.apache.derby.impl.sql.compile.CompilerContextImpl.getStoreCostController(Unknown Source)
	at org.apache.derby.impl.sql.compile.FromBaseTable.getStoreCostController(Unknown Source)
	at org.apache.derby.impl.sql.compile.FromBaseTable.estimateCost(Unknown Source)
	at org.apache.derby.impl.sql.compile.OptimizerImpl.estimateTotalCost(Unknown Source)
	at org.apache.derby.impl.sql.compile.OptimizerImpl.costBasedCostOptimizable(Unknown Source)
	at org.apache.derby.impl.sql.compile.OptimizerImpl.costOptimizable(Unknown Source)
	at org.apache.derby.impl.sql.compile.FromBaseTable.optimizeIt(Unknown Source)
	at org.apache.derby.impl.sql.compile.ProjectRestrictNode.optimizeIt(Unknown Source)
	at org.apache.derby.impl.sql.compile.OptimizerImpl.costPermutation(Unknown Source)
	at org.apache.derby.impl.sql.compile.SelectNode.optimize(Unknown Source)
	at org.apache.derby.impl.sql.compile.DMLStatementNode.optimizeStatement(Unknown Source)
	at org.apache.derby.impl.sql.compile.CursorNode.optimizeStatement(Unknown Source)
	at org.apache.derby.impl.sql.GenericStatement.prepMinion(Unknown Source)
	at org.apache.derby.impl.sql.GenericStatement.prepare(Unknown Source)
	at org.apache.derby.impl.sql.conn.GenericLanguageConnectionContext.prepareInternalStatement(Unknown Source)
	... 34 common frames omitted
Caused by: java.lang.ArrayIndexOutOfBoundsException: null
	at java.lang.System.arraycopy(Native Method)
	... 68 common frames omitted
2022-02-22 23:52:00,900 WARN [LOAD-USERS] load failed

org.springframework.jdbc.UncategorizedSQLException: PreparedStatementCallback; uncategorized SQLException for SQL [select count(*) from users where  1=1 ]; SQL state [XSDA4]; error code [20000]; An unexpected exception was thrown; nested exception is java.sql.SQLException: An unexpected exception was thrown
	at org.springframework.jdbc.support.AbstractFallbackSQLExceptionTranslator.translate(AbstractFallbackSQLExceptionTranslator.java:89)
	at org.springframework.jdbc.support.AbstractFallbackSQLExceptionTranslator.translate(AbstractFallbackSQLExceptionTranslator.java:81)
	at org.springframework.jdbc.support.AbstractFallbackSQLExceptionTranslator.translate(AbstractFallbackSQLExceptionTranslator.java:81)
	at org.springframework.jdbc.core.JdbcTemplate.translateException(JdbcTemplate.java:1443)
	at org.springframework.jdbc.core.JdbcTemplate.execute(JdbcTemplate.java:633)
	at org.springframework.jdbc.core.JdbcTemplate.query(JdbcTemplate.java:669)
	at org.springframework.jdbc.core.JdbcTemplate.query(JdbcTemplate.java:700)
	at org.springframework.jdbc.core.JdbcTemplate.query(JdbcTemplate.java:712)
	at org.springframework.jdbc.core.JdbcTemplate.queryForObject(JdbcTemplate.java:783)
	at org.springframework.jdbc.core.JdbcTemplate.queryForObject(JdbcTemplate.java:804)
	at com.alibaba.nacos.config.server.service.repository.embedded.BaseDatabaseOperate.queryOne(BaseDatabaseOperate.java:83)
	at com.alibaba.nacos.config.server.service.repository.embedded.StandaloneDatabaseOperateImpl.queryOne(StandaloneDatabaseOperateImpl.java:73)
	at com.alibaba.nacos.config.server.service.repository.embedded.EmbeddedPaginationHelperImpl.fetchPage(EmbeddedPaginationHelperImpl.java:65)
	at com.alibaba.nacos.config.server.service.repository.embedded.EmbeddedPaginationHelperImpl.fetchPage(EmbeddedPaginationHelperImpl.java:55)
	at com.alibaba.nacos.config.server.auth.EmbeddedUserPersistServiceImpl.getUsers(EmbeddedUserPersistServiceImpl.java:112)
	at com.alibaba.nacos.console.security.nacos.users.NacosUserDetailsServiceImpl.getUsersFromDatabase(NacosUserDetailsServiceImpl.java:89)
	at com.alibaba.nacos.console.security.nacos.users.NacosUserDetailsServiceImpl.reload(NacosUserDetailsServiceImpl.java:55)
	at sun.reflect.NativeMethodAccessorImpl.invoke0(Native Method)
	at sun.reflect.NativeMethodAccessorImpl.invoke(NativeMethodAccessorImpl.java:62)
	at sun.reflect.DelegatingMethodAccessorImpl.invoke(DelegatingMethodAccessorImpl.java:43)
	at java.lang.reflect.Method.invoke(Method.java:498)
	at org.springframework.scheduling.support.ScheduledMethodRunnable.run(ScheduledMethodRunnable.java:84)
	at org.springframework.scheduling.support.DelegatingErrorHandlingRunnable.run(DelegatingErrorHandlingRunnable.java:54)
	at java.util.concurrent.Executors$RunnableAdapter.call(Executors.java:511)
	at java.util.concurrent.FutureTask.runAndReset(FutureTask.java:308)
	at java.util.concurrent.ScheduledThreadPoolExecutor$ScheduledFutureTask.access$301(ScheduledThreadPoolExecutor.java:180)
	at java.util.concurrent.ScheduledThreadPoolExecutor$ScheduledFutureTask.run(ScheduledThreadPoolExecutor.java:294)
	at java.util.concurrent.ThreadPoolExecutor.runWorker(ThreadPoolExecutor.java:1149)
	at java.util.concurrent.ThreadPoolExecutor$Worker.run(ThreadPoolExecutor.java:624)
	at java.lang.Thread.run(Thread.java:748)
Caused by: java.sql.SQLException: An unexpected exception was thrown
	at org.apache.derby.impl.jdbc.SQLExceptionFactory.getSQLException(Unknown Source)
	at org.apache.derby.impl.jdbc.SQLExceptionFactory.getSQLException(Unknown Source)
	at org.apache.derby.impl.jdbc.Util.seeNextException(Unknown Source)
	at org.apache.derby.impl.jdbc.TransactionResourceImpl.wrapInSQLException(Unknown Source)
	at org.apache.derby.impl.jdbc.TransactionResourceImpl.handleException(Unknown Source)
	at org.apache.derby.impl.jdbc.EmbedConnection.handleException(Unknown Source)
	at org.apache.derby.impl.jdbc.ConnectionChild.handleException(Unknown Source)
	at org.apache.derby.impl.jdbc.EmbedPreparedStatement.<init>(Unknown Source)
	at org.apache.derby.impl.jdbc.EmbedPreparedStatement42.<init>(Unknown Source)
	at org.apache.derby.jdbc.Driver42.newEmbedPreparedStatement(Unknown Source)
	at org.apache.derby.impl.jdbc.EmbedConnection.prepareStatement(Unknown Source)
	at org.apache.derby.impl.jdbc.EmbedConnection.prepareStatement(Unknown Source)
	at com.zaxxer.hikari.pool.ProxyConnection.prepareStatement(ProxyConnection.java:316)
	at com.zaxxer.hikari.pool.HikariProxyConnection.prepareStatement(HikariProxyConnection.java)
	at org.springframework.jdbc.core.JdbcTemplate$SimplePreparedStatementCreator.createPreparedStatement(JdbcTemplate.java:1556)
	at org.springframework.jdbc.core.JdbcTemplate.execute(JdbcTemplate.java:615)
	... 25 common frames omitted
Caused by: org.apache.derby.iapi.error.StandardException: An unexpected exception was thrown
	at org.apache.derby.iapi.error.StandardException.newException(Unknown Source)
	at org.apache.derby.impl.jdbc.SQLExceptionFactory.wrapArgsForTransportAcrossDRDA(Unknown Source)
	... 41 common frames omitted
Caused by: org.apache.derby.iapi.error.StandardException: Unrecoverable internal error encountered while attempting to read low level metadata about the table or index. Please provide your support organization with the following exception information: Failed: arraycopy of embryonic page byte[204] to container information byte[80]. Values of variables and constants: MAX_BORROWED_SPACE: 204, BORROWED_SPACE_OFFSET(108) + BORROWED_SPACE_LENG(1) = 109; arraycopylength: 120; embryonic page Hex dump:
00000000: 241a 9c92 6d85 ce6d 6f93 4cd2 44fc dc3b  ..ﾜﾒmﾅￎmoﾓLￒD.ￜ.
00000010: 9825 67cf 3f77 eac1 c5b7 19f8 16ee f96f  ﾘ.gￏ.w..ￅﾷ.....o
00000020: 7648 30f5 c961 8735 a3da 2aee a0d8 92c3  vH0..aﾇ5ﾣￚ..ﾠ.ﾒￃ
00000030: cc6c cd9b 9b53 a069 7901 e494 72d5 4f37  ￌlￍﾛﾛSﾠiy..ﾔrￕO7
00000040: aa93 9e81 254c 5ddd d725 b1ba 1cc7 686b  ﾪﾓﾞﾁ.L..ￗ.ﾱﾺ.ￇhk
00000050: 00b6 abb7 f73e 7631 ad48 42a3 aeb1 05df  .ﾶﾫﾷ..v1ﾭHBﾣﾮﾱ..
00000060: deda 645c 8128 1365 0b6f 1f49 78a2 3e33  .ￚd.ﾁ..e.o.Ixﾢ.3
00000070: b401 3642 5325 ccd8 e193 287f 0a9c db66  ﾴ.6BS.ￌ..ﾓ...ﾜￛf
00000080: 1224 c368 fd17 e90c bfb6 e565 d48e f4da  ..ￃh.....ﾶ.eￔﾎ.ￚ
00000090: e848 9c1e 8f01 8260 15dd b60b 667b 900e  .Hﾜ.ﾏ.ﾂ...ﾶ.f.ﾐ.
000000a0: 466f a904 59f2 bfd4 f301 4030 3075 4d62  Foﾩ.Y..ￔ...00uMb
000000b0: 1c92 7a2d ebec 5808 4924 1d26 c267 66d6  .ﾒz...X.I...ￂgfￖ
000000c0: fab6 37d3 b4de 757c 274b 2ecc  .ﾶ7ￓﾴ.u..K.ￌ
.
	at org.apache.derby.iapi.error.StandardException.newException(Unknown Source)
	at org.apache.derby.impl.store.raw.data.AllocPage.ReadContainerInfo(Unknown Source)
	at org.apache.derby.impl.store.raw.data.FileContainer.readHeader(Unknown Source)
	at org.apache.derby.impl.store.raw.data.RAFContainer.run(Unknown Source)
	at java.security.AccessController.doPrivileged(Native Method)
	at org.apache.derby.impl.store.raw.data.RAFContainer.openContainer(Unknown Source)
	at org.apache.derby.impl.store.raw.data.RAFContainer4.openContainer(Unknown Source)
	at org.apache.derby.impl.store.raw.data.FileContainer.setIdent(Unknown Source)
	at org.apache.derby.impl.store.raw.data.FileContainer.setIdentity(Unknown Source)
	at org.apache.derby.impl.services.cache.ConcurrentCache.find(Unknown Source)
	at org.apache.derby.impl.store.raw.data.BaseDataFileFactory.openContainer(Unknown Source)
	at org.apache.derby.impl.store.raw.data.BaseDataFileFactory.openContainer(Unknown Source)
	at org.apache.derby.impl.store.raw.xact.Xact.openContainer(Unknown Source)
	at org.apache.derby.impl.store.access.btree.index.B2IFactory.readConglomerate(Unknown Source)
	at org.apache.derby.impl.store.access.CacheableConglomerate.setIdentity(Unknown Source)
	at org.apache.derby.impl.services.cache.ConcurrentCache.find(Unknown Source)
	at org.apache.derby.impl.store.access.RAMAccessManager.conglomCacheFind(Unknown Source)
	at org.apache.derby.impl.store.access.RAMTransaction.findConglomerate(Unknown Source)
	at org.apache.derby.impl.store.access.RAMTransaction.findExistingConglomerate(Unknown Source)
	at org.apache.derby.impl.store.access.RAMTransaction.openStoreCost(Unknown Source)
	at org.apache.derby.impl.sql.compile.CompilerContextImpl.getStoreCostController(Unknown Source)
	at org.apache.derby.impl.sql.compile.FromBaseTable.getStoreCostController(Unknown Source)
	at org.apache.derby.impl.sql.compile.FromBaseTable.estimateCost(Unknown Source)
	at org.apache.derby.impl.sql.compile.OptimizerImpl.estimateTotalCost(Unknown Source)
	at org.apache.derby.impl.sql.compile.OptimizerImpl.costBasedCostOptimizable(Unknown Source)
	at org.apache.derby.impl.sql.compile.OptimizerImpl.costOptimizable(Unknown Source)
	at org.apache.derby.impl.sql.compile.FromBaseTable.optimizeIt(Unknown Source)
	at org.apache.derby.impl.sql.compile.ProjectRestrictNode.optimizeIt(Unknown Source)
	at org.apache.derby.impl.sql.compile.OptimizerImpl.costPermutation(Unknown Source)
	at org.apache.derby.impl.sql.compile.SelectNode.optimize(Unknown Source)
	at org.apache.derby.impl.sql.compile.DMLStatementNode.optimizeStatement(Unknown Source)
	at org.apache.derby.impl.sql.compile.CursorNode.optimizeStatement(Unknown Source)
	at org.apache.derby.impl.sql.GenericStatement.prepMinion(Unknown Source)
	at org.apache.derby.impl.sql.GenericStatement.prepare(Unknown Source)
	at org.apache.derby.impl.sql.conn.GenericLanguageConnectionContext.prepareInternalStatement(Unknown Source)
	... 34 common frames omitted
Caused by: java.lang.ArrayIndexOutOfBoundsException: null
	at java.lang.System.arraycopy(Native Method)
	... 68 common frames omitted
2022-02-22 23:52:15,918 WARN [LOAD-USERS] load failed

org.springframework.jdbc.UncategorizedSQLException: PreparedStatementCallback; uncategorized SQLException for SQL [select count(*) from users where  1=1 ]; SQL state [XSDA4]; error code [20000]; An unexpected exception was thrown; nested exception is java.sql.SQLException: An unexpected exception was thrown
	at org.springframework.jdbc.support.AbstractFallbackSQLExceptionTranslator.translate(AbstractFallbackSQLExceptionTranslator.java:89)
	at org.springframework.jdbc.support.AbstractFallbackSQLExceptionTranslator.translate(AbstractFallbackSQLExceptionTranslator.java:81)
	at org.springframework.jdbc.support.AbstractFallbackSQLExceptionTranslator.translate(AbstractFallbackSQLExceptionTranslator.java:81)
	at org.springframework.jdbc.core.JdbcTemplate.translateException(JdbcTemplate.java:1443)
	at org.springframework.jdbc.core.JdbcTemplate.execute(JdbcTemplate.java:633)
	at org.springframework.jdbc.core.JdbcTemplate.query(JdbcTemplate.java:669)
	at org.springframework.jdbc.core.JdbcTemplate.query(JdbcTemplate.java:700)
	at org.springframework.jdbc.core.JdbcTemplate.query(JdbcTemplate.java:712)
	at org.springframework.jdbc.core.JdbcTemplate.queryForObject(JdbcTemplate.java:783)
	at org.springframework.jdbc.core.JdbcTemplate.queryForObject(JdbcTemplate.java:804)
	at com.alibaba.nacos.config.server.service.repository.embedded.BaseDatabaseOperate.queryOne(BaseDatabaseOperate.java:83)
	at com.alibaba.nacos.config.server.service.repository.embedded.StandaloneDatabaseOperateImpl.queryOne(StandaloneDatabaseOperateImpl.java:73)
	at com.alibaba.nacos.config.server.service.repository.embedded.EmbeddedPaginationHelperImpl.fetchPage(EmbeddedPaginationHelperImpl.java:65)
	at com.alibaba.nacos.config.server.service.repository.embedded.EmbeddedPaginationHelperImpl.fetchPage(EmbeddedPaginationHelperImpl.java:55)
	at com.alibaba.nacos.config.server.auth.EmbeddedUserPersistServiceImpl.getUsers(EmbeddedUserPersistServiceImpl.java:112)
	at com.alibaba.nacos.console.security.nacos.users.NacosUserDetailsServiceImpl.getUsersFromDatabase(NacosUserDetailsServiceImpl.java:89)
	at com.alibaba.nacos.console.security.nacos.users.NacosUserDetailsServiceImpl.reload(NacosUserDetailsServiceImpl.java:55)
	at sun.reflect.NativeMethodAccessorImpl.invoke0(Native Method)
	at sun.reflect.NativeMethodAccessorImpl.invoke(NativeMethodAccessorImpl.java:62)
	at sun.reflect.DelegatingMethodAccessorImpl.invoke(DelegatingMethodAccessorImpl.java:43)
	at java.lang.reflect.Method.invoke(Method.java:498)
	at org.springframework.scheduling.support.ScheduledMethodRunnable.run(ScheduledMethodRunnable.java:84)
	at org.springframework.scheduling.support.DelegatingErrorHandlingRunnable.run(DelegatingErrorHandlingRunnable.java:54)
	at java.util.concurrent.Executors$RunnableAdapter.call(Executors.java:511)
	at java.util.concurrent.FutureTask.runAndReset(FutureTask.java:308)
	at java.util.concurrent.ScheduledThreadPoolExecutor$ScheduledFutureTask.access$301(ScheduledThreadPoolExecutor.java:180)
	at java.util.concurrent.ScheduledThreadPoolExecutor$ScheduledFutureTask.run(ScheduledThreadPoolExecutor.java:294)
	at java.util.concurrent.ThreadPoolExecutor.runWorker(ThreadPoolExecutor.java:1149)
	at java.util.concurrent.ThreadPoolExecutor$Worker.run(ThreadPoolExecutor.java:624)
	at java.lang.Thread.run(Thread.java:748)
Caused by: java.sql.SQLException: An unexpected exception was thrown
	at org.apache.derby.impl.jdbc.SQLExceptionFactory.getSQLException(Unknown Source)
	at org.apache.derby.impl.jdbc.SQLExceptionFactory.getSQLException(Unknown Source)
	at org.apache.derby.impl.jdbc.Util.seeNextException(Unknown Source)
	at org.apache.derby.impl.jdbc.TransactionResourceImpl.wrapInSQLException(Unknown Source)
	at org.apache.derby.impl.jdbc.TransactionResourceImpl.handleException(Unknown Source)
	at org.apache.derby.impl.jdbc.EmbedConnection.handleException(Unknown Source)
	at org.apache.derby.impl.jdbc.ConnectionChild.handleException(Unknown Source)
	at org.apache.derby.impl.jdbc.EmbedPreparedStatement.<init>(Unknown Source)
	at org.apache.derby.impl.jdbc.EmbedPreparedStatement42.<init>(Unknown Source)
	at org.apache.derby.jdbc.Driver42.newEmbedPreparedStatement(Unknown Source)
	at org.apache.derby.impl.jdbc.EmbedConnection.prepareStatement(Unknown Source)
	at org.apache.derby.impl.jdbc.EmbedConnection.prepareStatement(Unknown Source)
	at com.zaxxer.hikari.pool.ProxyConnection.prepareStatement(ProxyConnection.java:316)
	at com.zaxxer.hikari.pool.HikariProxyConnection.prepareStatement(HikariProxyConnection.java)
	at org.springframework.jdbc.core.JdbcTemplate$SimplePreparedStatementCreator.createPreparedStatement(JdbcTemplate.java:1556)
	at org.springframework.jdbc.core.JdbcTemplate.execute(JdbcTemplate.java:615)
	... 25 common frames omitted
Caused by: org.apache.derby.iapi.error.StandardException: An unexpected exception was thrown
	at org.apache.derby.iapi.error.StandardException.newException(Unknown Source)
	at org.apache.derby.impl.jdbc.SQLExceptionFactory.wrapArgsForTransportAcrossDRDA(Unknown Source)
	... 41 common frames omitted
Caused by: org.apache.derby.iapi.error.StandardException: Unrecoverable internal error encountered while attempting to read low level metadata about the table or index. Please provide your support organization with the following exception information: Failed: arraycopy of embryonic page byte[204] to container information byte[80]. Values of variables and constants: MAX_BORROWED_SPACE: 204, BORROWED_SPACE_OFFSET(108) + BORROWED_SPACE_LENG(1) = 109; arraycopylength: 120; embryonic page Hex dump:
00000000: 241a 9c92 6d85 ce6d 6f93 4cd2 44fc dc3b  ..ﾜﾒmﾅￎmoﾓLￒD.ￜ.
00000010: 9825 67cf 3f77 eac1 c5b7 19f8 16ee f96f  ﾘ.gￏ.w..ￅﾷ.....o
00000020: 7648 30f5 c961 8735 a3da 2aee a0d8 92c3  vH0..aﾇ5ﾣￚ..ﾠ.ﾒￃ
00000030: cc6c cd9b 9b53 a069 7901 e494 72d5 4f37  ￌlￍﾛﾛSﾠiy..ﾔrￕO7
00000040: aa93 9e81 254c 5ddd d725 b1ba 1cc7 686b  ﾪﾓﾞﾁ.L..ￗ.ﾱﾺ.ￇhk
00000050: 00b6 abb7 f73e 7631 ad48 42a3 aeb1 05df  .ﾶﾫﾷ..v1ﾭHBﾣﾮﾱ..
00000060: deda 645c 8128 1365 0b6f 1f49 78a2 3e33  .ￚd.ﾁ..e.o.Ixﾢ.3
00000070: b401 3642 5325 ccd8 e193 287f 0a9c db66  ﾴ.6BS.ￌ..ﾓ...ﾜￛf
00000080: 1224 c368 fd17 e90c bfb6 e565 d48e f4da  ..ￃh.....ﾶ.eￔﾎ.ￚ
00000090: e848 9c1e 8f01 8260 15dd b60b 667b 900e  .Hﾜ.ﾏ.ﾂ...ﾶ.f.ﾐ.
000000a0: 466f a904 59f2 bfd4 f301 4030 3075 4d62  Foﾩ.Y..ￔ...00uMb
000000b0: 1c92 7a2d ebec 5808 4924 1d26 c267 66d6  .ﾒz...X.I...ￂgfￖ
000000c0: fab6 37d3 b4de 757c 274b 2ecc  .ﾶ7ￓﾴ.u..K.ￌ
.
	at org.apache.derby.iapi.error.StandardException.newException(Unknown Source)
	at org.apache.derby.impl.store.raw.data.AllocPage.ReadContainerInfo(Unknown Source)
	at org.apache.derby.impl.store.raw.data.FileContainer.readHeader(Unknown Source)
	at org.apache.derby.impl.store.raw.data.RAFContainer.run(Unknown Source)
	at java.security.AccessController.doPrivileged(Native Method)
	at org.apache.derby.impl.store.raw.data.RAFContainer.openContainer(Unknown Source)
	at org.apache.derby.impl.store.raw.data.RAFContainer4.openContainer(Unknown Source)
	at org.apache.derby.impl.store.raw.data.FileContainer.setIdent(Unknown Source)
	at org.apache.derby.impl.store.raw.data.FileContainer.setIdentity(Unknown Source)
	at org.apache.derby.impl.services.cache.ConcurrentCache.find(Unknown Source)
	at org.apache.derby.impl.store.raw.data.BaseDataFileFactory.openContainer(Unknown Source)
	at org.apache.derby.impl.store.raw.data.BaseDataFileFactory.openContainer(Unknown Source)
	at org.apache.derby.impl.store.raw.xact.Xact.openContainer(Unknown Source)
	at org.apache.derby.impl.store.access.btree.index.B2IFactory.readConglomerate(Unknown Source)
	at org.apache.derby.impl.store.access.CacheableConglomerate.setIdentity(Unknown Source)
	at org.apache.derby.impl.services.cache.ConcurrentCache.find(Unknown Source)
	at org.apache.derby.impl.store.access.RAMAccessManager.conglomCacheFind(Unknown Source)
	at org.apache.derby.impl.store.access.RAMTransaction.findConglomerate(Unknown Source)
	at org.apache.derby.impl.store.access.RAMTransaction.findExistingConglomerate(Unknown Source)
	at org.apache.derby.impl.store.access.RAMTransaction.openStoreCost(Unknown Source)
	at org.apache.derby.impl.sql.compile.CompilerContextImpl.getStoreCostController(Unknown Source)
	at org.apache.derby.impl.sql.compile.FromBaseTable.getStoreCostController(Unknown Source)
	at org.apache.derby.impl.sql.compile.FromBaseTable.estimateCost(Unknown Source)
	at org.apache.derby.impl.sql.compile.OptimizerImpl.estimateTotalCost(Unknown Source)
	at org.apache.derby.impl.sql.compile.OptimizerImpl.costBasedCostOptimizable(Unknown Source)
	at org.apache.derby.impl.sql.compile.OptimizerImpl.costOptimizable(Unknown Source)
	at org.apache.derby.impl.sql.compile.FromBaseTable.optimizeIt(Unknown Source)
	at org.apache.derby.impl.sql.compile.ProjectRestrictNode.optimizeIt(Unknown Source)
	at org.apache.derby.impl.sql.compile.OptimizerImpl.costPermutation(Unknown Source)
	at org.apache.derby.impl.sql.compile.SelectNode.optimize(Unknown Source)
	at org.apache.derby.impl.sql.compile.DMLStatementNode.optimizeStatement(Unknown Source)
	at org.apache.derby.impl.sql.compile.CursorNode.optimizeStatement(Unknown Source)
	at org.apache.derby.impl.sql.GenericStatement.prepMinion(Unknown Source)
	at org.apache.derby.impl.sql.GenericStatement.prepare(Unknown Source)
	at org.apache.derby.impl.sql.conn.GenericLanguageConnectionContext.prepareInternalStatement(Unknown Source)
	... 34 common frames omitted
Caused by: java.lang.ArrayIndexOutOfBoundsException: null
	at java.lang.System.arraycopy(Native Method)
	... 68 common frames omitted
2022-02-22 23:52:30,931 WARN [LOAD-USERS] load failed

org.springframework.jdbc.UncategorizedSQLException: PreparedStatementCallback; uncategorized SQLException for SQL [select count(*) from users where  1=1 ]; SQL state [XSDA4]; error code [20000]; An unexpected exception was thrown; nested exception is java.sql.SQLException: An unexpected exception was thrown
	at org.springframework.jdbc.support.AbstractFallbackSQLExceptionTranslator.translate(AbstractFallbackSQLExceptionTranslator.java:89)
	at org.springframework.jdbc.support.AbstractFallbackSQLExceptionTranslator.translate(AbstractFallbackSQLExceptionTranslator.java:81)
	at org.springframework.jdbc.support.AbstractFallbackSQLExceptionTranslator.translate(AbstractFallbackSQLExceptionTranslator.java:81)
	at org.springframework.jdbc.core.JdbcTemplate.translateException(JdbcTemplate.java:1443)
	at org.springframework.jdbc.core.JdbcTemplate.execute(JdbcTemplate.java:633)
	at org.springframework.jdbc.core.JdbcTemplate.query(JdbcTemplate.java:669)
	at org.springframework.jdbc.core.JdbcTemplate.query(JdbcTemplate.java:700)
	at org.springframework.jdbc.core.JdbcTemplate.query(JdbcTemplate.java:712)
	at org.springframework.jdbc.core.JdbcTemplate.queryForObject(JdbcTemplate.java:783)
	at org.springframework.jdbc.core.JdbcTemplate.queryForObject(JdbcTemplate.java:804)
	at com.alibaba.nacos.config.server.service.repository.embedded.BaseDatabaseOperate.queryOne(BaseDatabaseOperate.java:83)
	at com.alibaba.nacos.config.server.service.repository.embedded.StandaloneDatabaseOperateImpl.queryOne(StandaloneDatabaseOperateImpl.java:73)
	at com.alibaba.nacos.config.server.service.repository.embedded.EmbeddedPaginationHelperImpl.fetchPage(EmbeddedPaginationHelperImpl.java:65)
	at com.alibaba.nacos.config.server.service.repository.embedded.EmbeddedPaginationHelperImpl.fetchPage(EmbeddedPaginationHelperImpl.java:55)
	at com.alibaba.nacos.config.server.auth.EmbeddedUserPersistServiceImpl.getUsers(EmbeddedUserPersistServiceImpl.java:112)
	at com.alibaba.nacos.console.security.nacos.users.NacosUserDetailsServiceImpl.getUsersFromDatabase(NacosUserDetailsServiceImpl.java:89)
	at com.alibaba.nacos.console.security.nacos.users.NacosUserDetailsServiceImpl.reload(NacosUserDetailsServiceImpl.java:55)
	at sun.reflect.NativeMethodAccessorImpl.invoke0(Native Method)
	at sun.reflect.NativeMethodAccessorImpl.invoke(NativeMethodAccessorImpl.java:62)
	at sun.reflect.DelegatingMethodAccessorImpl.invoke(DelegatingMethodAccessorImpl.java:43)
	at java.lang.reflect.Method.invoke(Method.java:498)
	at org.springframework.scheduling.support.ScheduledMethodRunnable.run(ScheduledMethodRunnable.java:84)
	at org.springframework.scheduling.support.DelegatingErrorHandlingRunnable.run(DelegatingErrorHandlingRunnable.java:54)
	at java.util.concurrent.Executors$RunnableAdapter.call(Executors.java:511)
	at java.util.concurrent.FutureTask.runAndReset(FutureTask.java:308)
	at java.util.concurrent.ScheduledThreadPoolExecutor$ScheduledFutureTask.access$301(ScheduledThreadPoolExecutor.java:180)
	at java.util.concurrent.ScheduledThreadPoolExecutor$ScheduledFutureTask.run(ScheduledThreadPoolExecutor.java:294)
	at java.util.concurrent.ThreadPoolExecutor.runWorker(ThreadPoolExecutor.java:1149)
	at java.util.concurrent.ThreadPoolExecutor$Worker.run(ThreadPoolExecutor.java:624)
	at java.lang.Thread.run(Thread.java:748)
Caused by: java.sql.SQLException: An unexpected exception was thrown
	at org.apache.derby.impl.jdbc.SQLExceptionFactory.getSQLException(Unknown Source)
	at org.apache.derby.impl.jdbc.SQLExceptionFactory.getSQLException(Unknown Source)
	at org.apache.derby.impl.jdbc.Util.seeNextException(Unknown Source)
	at org.apache.derby.impl.jdbc.TransactionResourceImpl.wrapInSQLException(Unknown Source)
	at org.apache.derby.impl.jdbc.TransactionResourceImpl.handleException(Unknown Source)
	at org.apache.derby.impl.jdbc.EmbedConnection.handleException(Unknown Source)
	at org.apache.derby.impl.jdbc.ConnectionChild.handleException(Unknown Source)
	at org.apache.derby.impl.jdbc.EmbedPreparedStatement.<init>(Unknown Source)
	at org.apache.derby.impl.jdbc.EmbedPreparedStatement42.<init>(Unknown Source)
	at org.apache.derby.jdbc.Driver42.newEmbedPreparedStatement(Unknown Source)
	at org.apache.derby.impl.jdbc.EmbedConnection.prepareStatement(Unknown Source)
	at org.apache.derby.impl.jdbc.EmbedConnection.prepareStatement(Unknown Source)
	at com.zaxxer.hikari.pool.ProxyConnection.prepareStatement(ProxyConnection.java:316)
	at com.zaxxer.hikari.pool.HikariProxyConnection.prepareStatement(HikariProxyConnection.java)
	at org.springframework.jdbc.core.JdbcTemplate$SimplePreparedStatementCreator.createPreparedStatement(JdbcTemplate.java:1556)
	at org.springframework.jdbc.core.JdbcTemplate.execute(JdbcTemplate.java:615)
	... 25 common frames omitted
Caused by: org.apache.derby.iapi.error.StandardException: An unexpected exception was thrown
	at org.apache.derby.iapi.error.StandardException.newException(Unknown Source)
	at org.apache.derby.impl.jdbc.SQLExceptionFactory.wrapArgsForTransportAcrossDRDA(Unknown Source)
	... 41 common frames omitted
Caused by: org.apache.derby.iapi.error.StandardException: Unrecoverable internal error encountered while attempting to read low level metadata about the table or index. Please provide your support organization with the following exception information: Failed: arraycopy of embryonic page byte[204] to container information byte[80]. Values of variables and constants: MAX_BORROWED_SPACE: 204, BORROWED_SPACE_OFFSET(108) + BORROWED_SPACE_LENG(1) = 109; arraycopylength: 120; embryonic page Hex dump:
00000000: 241a 9c92 6d85 ce6d 6f93 4cd2 44fc dc3b  ..ﾜﾒmﾅￎmoﾓLￒD.ￜ.
00000010: 9825 67cf 3f77 eac1 c5b7 19f8 16ee f96f  ﾘ.gￏ.w..ￅﾷ.....o
00000020: 7648 30f5 c961 8735 a3da 2aee a0d8 92c3  vH0..aﾇ5ﾣￚ..ﾠ.ﾒￃ
00000030: cc6c cd9b 9b53 a069 7901 e494 72d5 4f37  ￌlￍﾛﾛSﾠiy..ﾔrￕO7
00000040: aa93 9e81 254c 5ddd d725 b1ba 1cc7 686b  ﾪﾓﾞﾁ.L..ￗ.ﾱﾺ.ￇhk
00000050: 00b6 abb7 f73e 7631 ad48 42a3 aeb1 05df  .ﾶﾫﾷ..v1ﾭHBﾣﾮﾱ..
00000060: deda 645c 8128 1365 0b6f 1f49 78a2 3e33  .ￚd.ﾁ..e.o.Ixﾢ.3
00000070: b401 3642 5325 ccd8 e193 287f 0a9c db66  ﾴ.6BS.ￌ..ﾓ...ﾜￛf
00000080: 1224 c368 fd17 e90c bfb6 e565 d48e f4da  ..ￃh.....ﾶ.eￔﾎ.ￚ
00000090: e848 9c1e 8f01 8260 15dd b60b 667b 900e  .Hﾜ.ﾏ.ﾂ...ﾶ.f.ﾐ.
000000a0: 466f a904 59f2 bfd4 f301 4030 3075 4d62  Foﾩ.Y..ￔ...00uMb
000000b0: 1c92 7a2d ebec 5808 4924 1d26 c267 66d6  .ﾒz...X.I...ￂgfￖ
000000c0: fab6 37d3 b4de 757c 274b 2ecc  .ﾶ7ￓﾴ.u..K.ￌ
.
	at org.apache.derby.iapi.error.StandardException.newException(Unknown Source)
	at org.apache.derby.impl.store.raw.data.AllocPage.ReadContainerInfo(Unknown Source)
	at org.apache.derby.impl.store.raw.data.FileContainer.readHeader(Unknown Source)
	at org.apache.derby.impl.store.raw.data.RAFContainer.run(Unknown Source)
	at java.security.AccessController.doPrivileged(Native Method)
	at org.apache.derby.impl.store.raw.data.RAFContainer.openContainer(Unknown Source)
	at org.apache.derby.impl.store.raw.data.RAFContainer4.openContainer(Unknown Source)
	at org.apache.derby.impl.store.raw.data.FileContainer.setIdent(Unknown Source)
	at org.apache.derby.impl.store.raw.data.FileContainer.setIdentity(Unknown Source)
	at org.apache.derby.impl.services.cache.ConcurrentCache.find(Unknown Source)
	at org.apache.derby.impl.store.raw.data.BaseDataFileFactory.openContainer(Unknown Source)
	at org.apache.derby.impl.store.raw.data.BaseDataFileFactory.openContainer(Unknown Source)
	at org.apache.derby.impl.store.raw.xact.Xact.openContainer(Unknown Source)
	at org.apache.derby.impl.store.access.btree.index.B2IFactory.readConglomerate(Unknown Source)
	at org.apache.derby.impl.store.access.CacheableConglomerate.setIdentity(Unknown Source)
	at org.apache.derby.impl.services.cache.ConcurrentCache.find(Unknown Source)
	at org.apache.derby.impl.store.access.RAMAccessManager.conglomCacheFind(Unknown Source)
	at org.apache.derby.impl.store.access.RAMTransaction.findConglomerate(Unknown Source)
	at org.apache.derby.impl.store.access.RAMTransaction.findExistingConglomerate(Unknown Source)
	at org.apache.derby.impl.store.access.RAMTransaction.openStoreCost(Unknown Source)
	at org.apache.derby.impl.sql.compile.CompilerContextImpl.getStoreCostController(Unknown Source)
	at org.apache.derby.impl.sql.compile.FromBaseTable.getStoreCostController(Unknown Source)
	at org.apache.derby.impl.sql.compile.FromBaseTable.estimateCost(Unknown Source)
	at org.apache.derby.impl.sql.compile.OptimizerImpl.estimateTotalCost(Unknown Source)
	at org.apache.derby.impl.sql.compile.OptimizerImpl.costBasedCostOptimizable(Unknown Source)
	at org.apache.derby.impl.sql.compile.OptimizerImpl.costOptimizable(Unknown Source)
	at org.apache.derby.impl.sql.compile.FromBaseTable.optimizeIt(Unknown Source)
	at org.apache.derby.impl.sql.compile.ProjectRestrictNode.optimizeIt(Unknown Source)
	at org.apache.derby.impl.sql.compile.OptimizerImpl.costPermutation(Unknown Source)
	at org.apache.derby.impl.sql.compile.SelectNode.optimize(Unknown Source)
	at org.apache.derby.impl.sql.compile.DMLStatementNode.optimizeStatement(Unknown Source)
	at org.apache.derby.impl.sql.compile.CursorNode.optimizeStatement(Unknown Source)
	at org.apache.derby.impl.sql.GenericStatement.prepMinion(Unknown Source)
	at org.apache.derby.impl.sql.GenericStatement.prepare(Unknown Source)
	at org.apache.derby.impl.sql.conn.GenericLanguageConnectionContext.prepareInternalStatement(Unknown Source)
	... 34 common frames omitted
Caused by: java.lang.ArrayIndexOutOfBoundsException: null
	at java.lang.System.arraycopy(Native Method)
	... 68 common frames omitted
2022-02-22 23:52:45,940 WARN [LOAD-USERS] load failed

org.springframework.jdbc.UncategorizedSQLException: PreparedStatementCallback; uncategorized SQLException for SQL [select count(*) from users where  1=1 ]; SQL state [XSDA4]; error code [20000]; An unexpected exception was thrown; nested exception is java.sql.SQLException: An unexpected exception was thrown
	at org.springframework.jdbc.support.AbstractFallbackSQLExceptionTranslator.translate(AbstractFallbackSQLExceptionTranslator.java:89)
	at org.springframework.jdbc.support.AbstractFallbackSQLExceptionTranslator.translate(AbstractFallbackSQLExceptionTranslator.java:81)
	at org.springframework.jdbc.support.AbstractFallbackSQLExceptionTranslator.translate(AbstractFallbackSQLExceptionTranslator.java:81)
	at org.springframework.jdbc.core.JdbcTemplate.translateException(JdbcTemplate.java:1443)
	at org.springframework.jdbc.core.JdbcTemplate.execute(JdbcTemplate.java:633)
	at org.springframework.jdbc.core.JdbcTemplate.query(JdbcTemplate.java:669)
	at org.springframework.jdbc.core.JdbcTemplate.query(JdbcTemplate.java:700)
	at org.springframework.jdbc.core.JdbcTemplate.query(JdbcTemplate.java:712)
	at org.springframework.jdbc.core.JdbcTemplate.queryForObject(JdbcTemplate.java:783)
	at org.springframework.jdbc.core.JdbcTemplate.queryForObject(JdbcTemplate.java:804)
	at com.alibaba.nacos.config.server.service.repository.embedded.BaseDatabaseOperate.queryOne(BaseDatabaseOperate.java:83)
	at com.alibaba.nacos.config.server.service.repository.embedded.StandaloneDatabaseOperateImpl.queryOne(StandaloneDatabaseOperateImpl.java:73)
	at com.alibaba.nacos.config.server.service.repository.embedded.EmbeddedPaginationHelperImpl.fetchPage(EmbeddedPaginationHelperImpl.java:65)
	at com.alibaba.nacos.config.server.service.repository.embedded.EmbeddedPaginationHelperImpl.fetchPage(EmbeddedPaginationHelperImpl.java:55)
	at com.alibaba.nacos.config.server.auth.EmbeddedUserPersistServiceImpl.getUsers(EmbeddedUserPersistServiceImpl.java:112)
	at com.alibaba.nacos.console.security.nacos.users.NacosUserDetailsServiceImpl.getUsersFromDatabase(NacosUserDetailsServiceImpl.java:89)
	at com.alibaba.nacos.console.security.nacos.users.NacosUserDetailsServiceImpl.reload(NacosUserDetailsServiceImpl.java:55)
	at sun.reflect.NativeMethodAccessorImpl.invoke0(Native Method)
	at sun.reflect.NativeMethodAccessorImpl.invoke(NativeMethodAccessorImpl.java:62)
	at sun.reflect.DelegatingMethodAccessorImpl.invoke(DelegatingMethodAccessorImpl.java:43)
	at java.lang.reflect.Method.invoke(Method.java:498)
	at org.springframework.scheduling.support.ScheduledMethodRunnable.run(ScheduledMethodRunnable.java:84)
	at org.springframework.scheduling.support.DelegatingErrorHandlingRunnable.run(DelegatingErrorHandlingRunnable.java:54)
	at java.util.concurrent.Executors$RunnableAdapter.call(Executors.java:511)
	at java.util.concurrent.FutureTask.runAndReset(FutureTask.java:308)
	at java.util.concurrent.ScheduledThreadPoolExecutor$ScheduledFutureTask.access$301(ScheduledThreadPoolExecutor.java:180)
	at java.util.concurrent.ScheduledThreadPoolExecutor$ScheduledFutureTask.run(ScheduledThreadPoolExecutor.java:294)
	at java.util.concurrent.ThreadPoolExecutor.runWorker(ThreadPoolExecutor.java:1149)
	at java.util.concurrent.ThreadPoolExecutor$Worker.run(ThreadPoolExecutor.java:624)
	at java.lang.Thread.run(Thread.java:748)
Caused by: java.sql.SQLException: An unexpected exception was thrown
	at org.apache.derby.impl.jdbc.SQLExceptionFactory.getSQLException(Unknown Source)
	at org.apache.derby.impl.jdbc.SQLExceptionFactory.getSQLException(Unknown Source)
	at org.apache.derby.impl.jdbc.Util.seeNextException(Unknown Source)
	at org.apache.derby.impl.jdbc.TransactionResourceImpl.wrapInSQLException(Unknown Source)
	at org.apache.derby.impl.jdbc.TransactionResourceImpl.handleException(Unknown Source)
	at org.apache.derby.impl.jdbc.EmbedConnection.handleException(Unknown Source)
	at org.apache.derby.impl.jdbc.ConnectionChild.handleException(Unknown Source)
	at org.apache.derby.impl.jdbc.EmbedPreparedStatement.<init>(Unknown Source)
	at org.apache.derby.impl.jdbc.EmbedPreparedStatement42.<init>(Unknown Source)
	at org.apache.derby.jdbc.Driver42.newEmbedPreparedStatement(Unknown Source)
	at org.apache.derby.impl.jdbc.EmbedConnection.prepareStatement(Unknown Source)
	at org.apache.derby.impl.jdbc.EmbedConnection.prepareStatement(Unknown Source)
	at com.zaxxer.hikari.pool.ProxyConnection.prepareStatement(ProxyConnection.java:316)
	at com.zaxxer.hikari.pool.HikariProxyConnection.prepareStatement(HikariProxyConnection.java)
	at org.springframework.jdbc.core.JdbcTemplate$SimplePreparedStatementCreator.createPreparedStatement(JdbcTemplate.java:1556)
	at org.springframework.jdbc.core.JdbcTemplate.execute(JdbcTemplate.java:615)
	... 25 common frames omitted
Caused by: org.apache.derby.iapi.error.StandardException: An unexpected exception was thrown
	at org.apache.derby.iapi.error.StandardException.newException(Unknown Source)
	at org.apache.derby.impl.jdbc.SQLExceptionFactory.wrapArgsForTransportAcrossDRDA(Unknown Source)
	... 41 common frames omitted
Caused by: org.apache.derby.iapi.error.StandardException: Unrecoverable internal error encountered while attempting to read low level metadata about the table or index. Please provide your support organization with the following exception information: Failed: arraycopy of embryonic page byte[204] to container information byte[80]. Values of variables and constants: MAX_BORROWED_SPACE: 204, BORROWED_SPACE_OFFSET(108) + BORROWED_SPACE_LENG(1) = 109; arraycopylength: 120; embryonic page Hex dump:
00000000: 241a 9c92 6d85 ce6d 6f93 4cd2 44fc dc3b  ..ﾜﾒmﾅￎmoﾓLￒD.ￜ.
00000010: 9825 67cf 3f77 eac1 c5b7 19f8 16ee f96f  ﾘ.gￏ.w..ￅﾷ.....o
00000020: 7648 30f5 c961 8735 a3da 2aee a0d8 92c3  vH0..aﾇ5ﾣￚ..ﾠ.ﾒￃ
00000030: cc6c cd9b 9b53 a069 7901 e494 72d5 4f37  ￌlￍﾛﾛSﾠiy..ﾔrￕO7
00000040: aa93 9e81 254c 5ddd d725 b1ba 1cc7 686b  ﾪﾓﾞﾁ.L..ￗ.ﾱﾺ.ￇhk
00000050: 00b6 abb7 f73e 7631 ad48 42a3 aeb1 05df  .ﾶﾫﾷ..v1ﾭHBﾣﾮﾱ..
00000060: deda 645c 8128 1365 0b6f 1f49 78a2 3e33  .ￚd.ﾁ..e.o.Ixﾢ.3
00000070: b401 3642 5325 ccd8 e193 287f 0a9c db66  ﾴ.6BS.ￌ..ﾓ...ﾜￛf
00000080: 1224 c368 fd17 e90c bfb6 e565 d48e f4da  ..ￃh.....ﾶ.eￔﾎ.ￚ
00000090: e848 9c1e 8f01 8260 15dd b60b 667b 900e  .Hﾜ.ﾏ.ﾂ...ﾶ.f.ﾐ.
000000a0: 466f a904 59f2 bfd4 f301 4030 3075 4d62  Foﾩ.Y..ￔ...00uMb
000000b0: 1c92 7a2d ebec 5808 4924 1d26 c267 66d6  .ﾒz...X.I...ￂgfￖ
000000c0: fab6 37d3 b4de 757c 274b 2ecc  .ﾶ7ￓﾴ.u..K.ￌ
.
	at org.apache.derby.iapi.error.StandardException.newException(Unknown Source)
	at org.apache.derby.impl.store.raw.data.AllocPage.ReadContainerInfo(Unknown Source)
	at org.apache.derby.impl.store.raw.data.FileContainer.readHeader(Unknown Source)
	at org.apache.derby.impl.store.raw.data.RAFContainer.run(Unknown Source)
	at java.security.AccessController.doPrivileged(Native Method)
	at org.apache.derby.impl.store.raw.data.RAFContainer.openContainer(Unknown Source)
	at org.apache.derby.impl.store.raw.data.RAFContainer4.openContainer(Unknown Source)
	at org.apache.derby.impl.store.raw.data.FileContainer.setIdent(Unknown Source)
	at org.apache.derby.impl.store.raw.data.FileContainer.setIdentity(Unknown Source)
	at org.apache.derby.impl.services.cache.ConcurrentCache.find(Unknown Source)
	at org.apache.derby.impl.store.raw.data.BaseDataFileFactory.openContainer(Unknown Source)
	at org.apache.derby.impl.store.raw.data.BaseDataFileFactory.openContainer(Unknown Source)
	at org.apache.derby.impl.store.raw.xact.Xact.openContainer(Unknown Source)
	at org.apache.derby.impl.store.access.btree.index.B2IFactory.readConglomerate(Unknown Source)
	at org.apache.derby.impl.store.access.CacheableConglomerate.setIdentity(Unknown Source)
	at org.apache.derby.impl.services.cache.ConcurrentCache.find(Unknown Source)
	at org.apache.derby.impl.store.access.RAMAccessManager.conglomCacheFind(Unknown Source)
	at org.apache.derby.impl.store.access.RAMTransaction.findConglomerate(Unknown Source)
	at org.apache.derby.impl.store.access.RAMTransaction.findExistingConglomerate(Unknown Source)
	at org.apache.derby.impl.store.access.RAMTransaction.openStoreCost(Unknown Source)
	at org.apache.derby.impl.sql.compile.CompilerContextImpl.getStoreCostController(Unknown Source)
	at org.apache.derby.impl.sql.compile.FromBaseTable.getStoreCostController(Unknown Source)
	at org.apache.derby.impl.sql.compile.FromBaseTable.estimateCost(Unknown Source)
	at org.apache.derby.impl.sql.compile.OptimizerImpl.estimateTotalCost(Unknown Source)
	at org.apache.derby.impl.sql.compile.OptimizerImpl.costBasedCostOptimizable(Unknown Source)
	at org.apache.derby.impl.sql.compile.OptimizerImpl.costOptimizable(Unknown Source)
	at org.apache.derby.impl.sql.compile.FromBaseTable.optimizeIt(Unknown Source)
	at org.apache.derby.impl.sql.compile.ProjectRestrictNode.optimizeIt(Unknown Source)
	at org.apache.derby.impl.sql.compile.OptimizerImpl.costPermutation(Unknown Source)
	at org.apache.derby.impl.sql.compile.SelectNode.optimize(Unknown Source)
	at org.apache.derby.impl.sql.compile.DMLStatementNode.optimizeStatement(Unknown Source)
	at org.apache.derby.impl.sql.compile.CursorNode.optimizeStatement(Unknown Source)
	at org.apache.derby.impl.sql.GenericStatement.prepMinion(Unknown Source)
	at org.apache.derby.impl.sql.GenericStatement.prepare(Unknown Source)
	at org.apache.derby.impl.sql.conn.GenericLanguageConnectionContext.prepareInternalStatement(Unknown Source)
	... 34 common frames omitted
Caused by: java.lang.ArrayIndexOutOfBoundsException: null
	at java.lang.System.arraycopy(Native Method)
	... 68 common frames omitted
2022-02-22 23:53:00,952 WARN [LOAD-USERS] load failed

org.springframework.jdbc.UncategorizedSQLException: PreparedStatementCallback; uncategorized SQLException for SQL [select count(*) from users where  1=1 ]; SQL state [XSDA4]; error code [20000]; An unexpected exception was thrown; nested exception is java.sql.SQLException: An unexpected exception was thrown
	at org.springframework.jdbc.support.AbstractFallbackSQLExceptionTranslator.translate(AbstractFallbackSQLExceptionTranslator.java:89)
	at org.springframework.jdbc.support.AbstractFallbackSQLExceptionTranslator.translate(AbstractFallbackSQLExceptionTranslator.java:81)
	at org.springframework.jdbc.support.AbstractFallbackSQLExceptionTranslator.translate(AbstractFallbackSQLExceptionTranslator.java:81)
	at org.springframework.jdbc.core.JdbcTemplate.translateException(JdbcTemplate.java:1443)
	at org.springframework.jdbc.core.JdbcTemplate.execute(JdbcTemplate.java:633)
	at org.springframework.jdbc.core.JdbcTemplate.query(JdbcTemplate.java:669)
	at org.springframework.jdbc.core.JdbcTemplate.query(JdbcTemplate.java:700)
	at org.springframework.jdbc.core.JdbcTemplate.query(JdbcTemplate.java:712)
	at org.springframework.jdbc.core.JdbcTemplate.queryForObject(JdbcTemplate.java:783)
	at org.springframework.jdbc.core.JdbcTemplate.queryForObject(JdbcTemplate.java:804)
	at com.alibaba.nacos.config.server.service.repository.embedded.BaseDatabaseOperate.queryOne(BaseDatabaseOperate.java:83)
	at com.alibaba.nacos.config.server.service.repository.embedded.StandaloneDatabaseOperateImpl.queryOne(StandaloneDatabaseOperateImpl.java:73)
	at com.alibaba.nacos.config.server.service.repository.embedded.EmbeddedPaginationHelperImpl.fetchPage(EmbeddedPaginationHelperImpl.java:65)
	at com.alibaba.nacos.config.server.service.repository.embedded.EmbeddedPaginationHelperImpl.fetchPage(EmbeddedPaginationHelperImpl.java:55)
	at com.alibaba.nacos.config.server.auth.EmbeddedUserPersistServiceImpl.getUsers(EmbeddedUserPersistServiceImpl.java:112)
	at com.alibaba.nacos.console.security.nacos.users.NacosUserDetailsServiceImpl.getUsersFromDatabase(NacosUserDetailsServiceImpl.java:89)
	at com.alibaba.nacos.console.security.nacos.users.NacosUserDetailsServiceImpl.reload(NacosUserDetailsServiceImpl.java:55)
	at sun.reflect.NativeMethodAccessorImpl.invoke0(Native Method)
	at sun.reflect.NativeMethodAccessorImpl.invoke(NativeMethodAccessorImpl.java:62)
	at sun.reflect.DelegatingMethodAccessorImpl.invoke(DelegatingMethodAccessorImpl.java:43)
	at java.lang.reflect.Method.invoke(Method.java:498)
	at org.springframework.scheduling.support.ScheduledMethodRunnable.run(ScheduledMethodRunnable.java:84)
	at org.springframework.scheduling.support.DelegatingErrorHandlingRunnable.run(DelegatingErrorHandlingRunnable.java:54)
	at java.util.concurrent.Executors$RunnableAdapter.call(Executors.java:511)
	at java.util.concurrent.FutureTask.runAndReset(FutureTask.java:308)
	at java.util.concurrent.ScheduledThreadPoolExecutor$ScheduledFutureTask.access$301(ScheduledThreadPoolExecutor.java:180)
	at java.util.concurrent.ScheduledThreadPoolExecutor$ScheduledFutureTask.run(ScheduledThreadPoolExecutor.java:294)
	at java.util.concurrent.ThreadPoolExecutor.runWorker(ThreadPoolExecutor.java:1149)
	at java.util.concurrent.ThreadPoolExecutor$Worker.run(ThreadPoolExecutor.java:624)
	at java.lang.Thread.run(Thread.java:748)
Caused by: java.sql.SQLException: An unexpected exception was thrown
	at org.apache.derby.impl.jdbc.SQLExceptionFactory.getSQLException(Unknown Source)
	at org.apache.derby.impl.jdbc.SQLExceptionFactory.getSQLException(Unknown Source)
	at org.apache.derby.impl.jdbc.Util.seeNextException(Unknown Source)
	at org.apache.derby.impl.jdbc.TransactionResourceImpl.wrapInSQLException(Unknown Source)
	at org.apache.derby.impl.jdbc.TransactionResourceImpl.handleException(Unknown Source)
	at org.apache.derby.impl.jdbc.EmbedConnection.handleException(Unknown Source)
	at org.apache.derby.impl.jdbc.ConnectionChild.handleException(Unknown Source)
	at org.apache.derby.impl.jdbc.EmbedPreparedStatement.<init>(Unknown Source)
	at org.apache.derby.impl.jdbc.EmbedPreparedStatement42.<init>(Unknown Source)
	at org.apache.derby.jdbc.Driver42.newEmbedPreparedStatement(Unknown Source)
	at org.apache.derby.impl.jdbc.EmbedConnection.prepareStatement(Unknown Source)
	at org.apache.derby.impl.jdbc.EmbedConnection.prepareStatement(Unknown Source)
	at com.zaxxer.hikari.pool.ProxyConnection.prepareStatement(ProxyConnection.java:316)
	at com.zaxxer.hikari.pool.HikariProxyConnection.prepareStatement(HikariProxyConnection.java)
	at org.springframework.jdbc.core.JdbcTemplate$SimplePreparedStatementCreator.createPreparedStatement(JdbcTemplate.java:1556)
	at org.springframework.jdbc.core.JdbcTemplate.execute(JdbcTemplate.java:615)
	... 25 common frames omitted
Caused by: org.apache.derby.iapi.error.StandardException: An unexpected exception was thrown
	at org.apache.derby.iapi.error.StandardException.newException(Unknown Source)
	at org.apache.derby.impl.jdbc.SQLExceptionFactory.wrapArgsForTransportAcrossDRDA(Unknown Source)
	... 41 common frames omitted
Caused by: org.apache.derby.iapi.error.StandardException: Unrecoverable internal error encountered while attempting to read low level metadata about the table or index. Please provide your support organization with the following exception information: Failed: arraycopy of embryonic page byte[204] to container information byte[80]. Values of variables and constants: MAX_BORROWED_SPACE: 204, BORROWED_SPACE_OFFSET(108) + BORROWED_SPACE_LENG(1) = 109; arraycopylength: 120; embryonic page Hex dump:
00000000: 241a 9c92 6d85 ce6d 6f93 4cd2 44fc dc3b  ..ﾜﾒmﾅￎmoﾓLￒD.ￜ.
00000010: 9825 67cf 3f77 eac1 c5b7 19f8 16ee f96f  ﾘ.gￏ.w..ￅﾷ.....o
00000020: 7648 30f5 c961 8735 a3da 2aee a0d8 92c3  vH0..aﾇ5ﾣￚ..ﾠ.ﾒￃ
00000030: cc6c cd9b 9b53 a069 7901 e494 72d5 4f37  ￌlￍﾛﾛSﾠiy..ﾔrￕO7
00000040: aa93 9e81 254c 5ddd d725 b1ba 1cc7 686b  ﾪﾓﾞﾁ.L..ￗ.ﾱﾺ.ￇhk
00000050: 00b6 abb7 f73e 7631 ad48 42a3 aeb1 05df  .ﾶﾫﾷ..v1ﾭHBﾣﾮﾱ..
00000060: deda 645c 8128 1365 0b6f 1f49 78a2 3e33  .ￚd.ﾁ..e.o.Ixﾢ.3
00000070: b401 3642 5325 ccd8 e193 287f 0a9c db66  ﾴ.6BS.ￌ..ﾓ...ﾜￛf
00000080: 1224 c368 fd17 e90c bfb6 e565 d48e f4da  ..ￃh.....ﾶ.eￔﾎ.ￚ
00000090: e848 9c1e 8f01 8260 15dd b60b 667b 900e  .Hﾜ.ﾏ.ﾂ...ﾶ.f.ﾐ.
000000a0: 466f a904 59f2 bfd4 f301 4030 3075 4d62  Foﾩ.Y..ￔ...00uMb
000000b0: 1c92 7a2d ebec 5808 4924 1d26 c267 66d6  .ﾒz...X.I...ￂgfￖ
000000c0: fab6 37d3 b4de 757c 274b 2ecc  .ﾶ7ￓﾴ.u..K.ￌ
.
	at org.apache.derby.iapi.error.StandardException.newException(Unknown Source)
	at org.apache.derby.impl.store.raw.data.AllocPage.ReadContainerInfo(Unknown Source)
	at org.apache.derby.impl.store.raw.data.FileContainer.readHeader(Unknown Source)
	at org.apache.derby.impl.store.raw.data.RAFContainer.run(Unknown Source)
	at java.security.AccessController.doPrivileged(Native Method)
	at org.apache.derby.impl.store.raw.data.RAFContainer.openContainer(Unknown Source)
	at org.apache.derby.impl.store.raw.data.RAFContainer4.openContainer(Unknown Source)
	at org.apache.derby.impl.store.raw.data.FileContainer.setIdent(Unknown Source)
	at org.apache.derby.impl.store.raw.data.FileContainer.setIdentity(Unknown Source)
	at org.apache.derby.impl.services.cache.ConcurrentCache.find(Unknown Source)
	at org.apache.derby.impl.store.raw.data.BaseDataFileFactory.openContainer(Unknown Source)
	at org.apache.derby.impl.store.raw.data.BaseDataFileFactory.openContainer(Unknown Source)
	at org.apache.derby.impl.store.raw.xact.Xact.openContainer(Unknown Source)
	at org.apache.derby.impl.store.access.btree.index.B2IFactory.readConglomerate(Unknown Source)
	at org.apache.derby.impl.store.access.CacheableConglomerate.setIdentity(Unknown Source)
	at org.apache.derby.impl.services.cache.ConcurrentCache.find(Unknown Source)
	at org.apache.derby.impl.store.access.RAMAccessManager.conglomCacheFind(Unknown Source)
	at org.apache.derby.impl.store.access.RAMTransaction.findConglomerate(Unknown Source)
	at org.apache.derby.impl.store.access.RAMTransaction.findExistingConglomerate(Unknown Source)
	at org.apache.derby.impl.store.access.RAMTransaction.openStoreCost(Unknown Source)
	at org.apache.derby.impl.sql.compile.CompilerContextImpl.getStoreCostController(Unknown Source)
	at org.apache.derby.impl.sql.compile.FromBaseTable.getStoreCostController(Unknown Source)
	at org.apache.derby.impl.sql.compile.FromBaseTable.estimateCost(Unknown Source)
	at org.apache.derby.impl.sql.compile.OptimizerImpl.estimateTotalCost(Unknown Source)
	at org.apache.derby.impl.sql.compile.OptimizerImpl.costBasedCostOptimizable(Unknown Source)
	at org.apache.derby.impl.sql.compile.OptimizerImpl.costOptimizable(Unknown Source)
	at org.apache.derby.impl.sql.compile.FromBaseTable.optimizeIt(Unknown Source)
	at org.apache.derby.impl.sql.compile.ProjectRestrictNode.optimizeIt(Unknown Source)
	at org.apache.derby.impl.sql.compile.OptimizerImpl.costPermutation(Unknown Source)
	at org.apache.derby.impl.sql.compile.SelectNode.optimize(Unknown Source)
	at org.apache.derby.impl.sql.compile.DMLStatementNode.optimizeStatement(Unknown Source)
	at org.apache.derby.impl.sql.compile.CursorNode.optimizeStatement(Unknown Source)
	at org.apache.derby.impl.sql.GenericStatement.prepMinion(Unknown Source)
	at org.apache.derby.impl.sql.GenericStatement.prepare(Unknown Source)
	at org.apache.derby.impl.sql.conn.GenericLanguageConnectionContext.prepareInternalStatement(Unknown Source)
	... 34 common frames omitted
Caused by: java.lang.ArrayIndexOutOfBoundsException: null
	at java.lang.System.arraycopy(Native Method)
	... 68 common frames omitted
2022-02-22 23:53:15,967 WARN [LOAD-USERS] load failed

org.springframework.jdbc.UncategorizedSQLException: PreparedStatementCallback; uncategorized SQLException for SQL [select count(*) from users where  1=1 ]; SQL state [XSDA4]; error code [20000]; An unexpected exception was thrown; nested exception is java.sql.SQLException: An unexpected exception was thrown
	at org.springframework.jdbc.support.AbstractFallbackSQLExceptionTranslator.translate(AbstractFallbackSQLExceptionTranslator.java:89)
	at org.springframework.jdbc.support.AbstractFallbackSQLExceptionTranslator.translate(AbstractFallbackSQLExceptionTranslator.java:81)
	at org.springframework.jdbc.support.AbstractFallbackSQLExceptionTranslator.translate(AbstractFallbackSQLExceptionTranslator.java:81)
	at org.springframework.jdbc.core.JdbcTemplate.translateException(JdbcTemplate.java:1443)
	at org.springframework.jdbc.core.JdbcTemplate.execute(JdbcTemplate.java:633)
	at org.springframework.jdbc.core.JdbcTemplate.query(JdbcTemplate.java:669)
	at org.springframework.jdbc.core.JdbcTemplate.query(JdbcTemplate.java:700)
	at org.springframework.jdbc.core.JdbcTemplate.query(JdbcTemplate.java:712)
	at org.springframework.jdbc.core.JdbcTemplate.queryForObject(JdbcTemplate.java:783)
	at org.springframework.jdbc.core.JdbcTemplate.queryForObject(JdbcTemplate.java:804)
	at com.alibaba.nacos.config.server.service.repository.embedded.BaseDatabaseOperate.queryOne(BaseDatabaseOperate.java:83)
	at com.alibaba.nacos.config.server.service.repository.embedded.StandaloneDatabaseOperateImpl.queryOne(StandaloneDatabaseOperateImpl.java:73)
	at com.alibaba.nacos.config.server.service.repository.embedded.EmbeddedPaginationHelperImpl.fetchPage(EmbeddedPaginationHelperImpl.java:65)
	at com.alibaba.nacos.config.server.service.repository.embedded.EmbeddedPaginationHelperImpl.fetchPage(EmbeddedPaginationHelperImpl.java:55)
	at com.alibaba.nacos.config.server.auth.EmbeddedUserPersistServiceImpl.getUsers(EmbeddedUserPersistServiceImpl.java:112)
	at com.alibaba.nacos.console.security.nacos.users.NacosUserDetailsServiceImpl.getUsersFromDatabase(NacosUserDetailsServiceImpl.java:89)
	at com.alibaba.nacos.console.security.nacos.users.NacosUserDetailsServiceImpl.reload(NacosUserDetailsServiceImpl.java:55)
	at sun.reflect.NativeMethodAccessorImpl.invoke0(Native Method)
	at sun.reflect.NativeMethodAccessorImpl.invoke(NativeMethodAccessorImpl.java:62)
	at sun.reflect.DelegatingMethodAccessorImpl.invoke(DelegatingMethodAccessorImpl.java:43)
	at java.lang.reflect.Method.invoke(Method.java:498)
	at org.springframework.scheduling.support.ScheduledMethodRunnable.run(ScheduledMethodRunnable.java:84)
	at org.springframework.scheduling.support.DelegatingErrorHandlingRunnable.run(DelegatingErrorHandlingRunnable.java:54)
	at java.util.concurrent.Executors$RunnableAdapter.call(Executors.java:511)
	at java.util.concurrent.FutureTask.runAndReset(FutureTask.java:308)
	at java.util.concurrent.ScheduledThreadPoolExecutor$ScheduledFutureTask.access$301(ScheduledThreadPoolExecutor.java:180)
	at java.util.concurrent.ScheduledThreadPoolExecutor$ScheduledFutureTask.run(ScheduledThreadPoolExecutor.java:294)
	at java.util.concurrent.ThreadPoolExecutor.runWorker(ThreadPoolExecutor.java:1149)
	at java.util.concurrent.ThreadPoolExecutor$Worker.run(ThreadPoolExecutor.java:624)
	at java.lang.Thread.run(Thread.java:748)
Caused by: java.sql.SQLException: An unexpected exception was thrown
	at org.apache.derby.impl.jdbc.SQLExceptionFactory.getSQLException(Unknown Source)
	at org.apache.derby.impl.jdbc.SQLExceptionFactory.getSQLException(Unknown Source)
	at org.apache.derby.impl.jdbc.Util.seeNextException(Unknown Source)
	at org.apache.derby.impl.jdbc.TransactionResourceImpl.wrapInSQLException(Unknown Source)
	at org.apache.derby.impl.jdbc.TransactionResourceImpl.handleException(Unknown Source)
	at org.apache.derby.impl.jdbc.EmbedConnection.handleException(Unknown Source)
	at org.apache.derby.impl.jdbc.ConnectionChild.handleException(Unknown Source)
	at org.apache.derby.impl.jdbc.EmbedPreparedStatement.<init>(Unknown Source)
	at org.apache.derby.impl.jdbc.EmbedPreparedStatement42.<init>(Unknown Source)
	at org.apache.derby.jdbc.Driver42.newEmbedPreparedStatement(Unknown Source)
	at org.apache.derby.impl.jdbc.EmbedConnection.prepareStatement(Unknown Source)
	at org.apache.derby.impl.jdbc.EmbedConnection.prepareStatement(Unknown Source)
	at com.zaxxer.hikari.pool.ProxyConnection.prepareStatement(ProxyConnection.java:316)
	at com.zaxxer.hikari.pool.HikariProxyConnection.prepareStatement(HikariProxyConnection.java)
	at org.springframework.jdbc.core.JdbcTemplate$SimplePreparedStatementCreator.createPreparedStatement(JdbcTemplate.java:1556)
	at org.springframework.jdbc.core.JdbcTemplate.execute(JdbcTemplate.java:615)
	... 25 common frames omitted
Caused by: org.apache.derby.iapi.error.StandardException: An unexpected exception was thrown
	at org.apache.derby.iapi.error.StandardException.newException(Unknown Source)
	at org.apache.derby.impl.jdbc.SQLExceptionFactory.wrapArgsForTransportAcrossDRDA(Unknown Source)
	... 41 common frames omitted
Caused by: org.apache.derby.iapi.error.StandardException: Unrecoverable internal error encountered while attempting to read low level metadata about the table or index. Please provide your support organization with the following exception information: Failed: arraycopy of embryonic page byte[204] to container information byte[80]. Values of variables and constants: MAX_BORROWED_SPACE: 204, BORROWED_SPACE_OFFSET(108) + BORROWED_SPACE_LENG(1) = 109; arraycopylength: 120; embryonic page Hex dump:
00000000: 241a 9c92 6d85 ce6d 6f93 4cd2 44fc dc3b  ..ﾜﾒmﾅￎmoﾓLￒD.ￜ.
00000010: 9825 67cf 3f77 eac1 c5b7 19f8 16ee f96f  ﾘ.gￏ.w..ￅﾷ.....o
00000020: 7648 30f5 c961 8735 a3da 2aee a0d8 92c3  vH0..aﾇ5ﾣￚ..ﾠ.ﾒￃ
00000030: cc6c cd9b 9b53 a069 7901 e494 72d5 4f37  ￌlￍﾛﾛSﾠiy..ﾔrￕO7
00000040: aa93 9e81 254c 5ddd d725 b1ba 1cc7 686b  ﾪﾓﾞﾁ.L..ￗ.ﾱﾺ.ￇhk
00000050: 00b6 abb7 f73e 7631 ad48 42a3 aeb1 05df  .ﾶﾫﾷ..v1ﾭHBﾣﾮﾱ..
00000060: deda 645c 8128 1365 0b6f 1f49 78a2 3e33  .ￚd.ﾁ..e.o.Ixﾢ.3
00000070: b401 3642 5325 ccd8 e193 287f 0a9c db66  ﾴ.6BS.ￌ..ﾓ...ﾜￛf
00000080: 1224 c368 fd17 e90c bfb6 e565 d48e f4da  ..ￃh.....ﾶ.eￔﾎ.ￚ
00000090: e848 9c1e 8f01 8260 15dd b60b 667b 900e  .Hﾜ.ﾏ.ﾂ...ﾶ.f.ﾐ.
000000a0: 466f a904 59f2 bfd4 f301 4030 3075 4d62  Foﾩ.Y..ￔ...00uMb
000000b0: 1c92 7a2d ebec 5808 4924 1d26 c267 66d6  .ﾒz...X.I...ￂgfￖ
000000c0: fab6 37d3 b4de 757c 274b 2ecc  .ﾶ7ￓﾴ.u..K.ￌ
.
	at org.apache.derby.iapi.error.StandardException.newException(Unknown Source)
	at org.apache.derby.impl.store.raw.data.AllocPage.ReadContainerInfo(Unknown Source)
	at org.apache.derby.impl.store.raw.data.FileContainer.readHeader(Unknown Source)
	at org.apache.derby.impl.store.raw.data.RAFContainer.run(Unknown Source)
	at java.security.AccessController.doPrivileged(Native Method)
	at org.apache.derby.impl.store.raw.data.RAFContainer.openContainer(Unknown Source)
	at org.apache.derby.impl.store.raw.data.RAFContainer4.openContainer(Unknown Source)
	at org.apache.derby.impl.store.raw.data.FileContainer.setIdent(Unknown Source)
	at org.apache.derby.impl.store.raw.data.FileContainer.setIdentity(Unknown Source)
	at org.apache.derby.impl.services.cache.ConcurrentCache.find(Unknown Source)
	at org.apache.derby.impl.store.raw.data.BaseDataFileFactory.openContainer(Unknown Source)
	at org.apache.derby.impl.store.raw.data.BaseDataFileFactory.openContainer(Unknown Source)
	at org.apache.derby.impl.store.raw.xact.Xact.openContainer(Unknown Source)
	at org.apache.derby.impl.store.access.btree.index.B2IFactory.readConglomerate(Unknown Source)
	at org.apache.derby.impl.store.access.CacheableConglomerate.setIdentity(Unknown Source)
	at org.apache.derby.impl.services.cache.ConcurrentCache.find(Unknown Source)
	at org.apache.derby.impl.store.access.RAMAccessManager.conglomCacheFind(Unknown Source)
	at org.apache.derby.impl.store.access.RAMTransaction.findConglomerate(Unknown Source)
	at org.apache.derby.impl.store.access.RAMTransaction.findExistingConglomerate(Unknown Source)
	at org.apache.derby.impl.store.access.RAMTransaction.openStoreCost(Unknown Source)
	at org.apache.derby.impl.sql.compile.CompilerContextImpl.getStoreCostController(Unknown Source)
	at org.apache.derby.impl.sql.compile.FromBaseTable.getStoreCostController(Unknown Source)
	at org.apache.derby.impl.sql.compile.FromBaseTable.estimateCost(Unknown Source)
	at org.apache.derby.impl.sql.compile.OptimizerImpl.estimateTotalCost(Unknown Source)
	at org.apache.derby.impl.sql.compile.OptimizerImpl.costBasedCostOptimizable(Unknown Source)
	at org.apache.derby.impl.sql.compile.OptimizerImpl.costOptimizable(Unknown Source)
	at org.apache.derby.impl.sql.compile.FromBaseTable.optimizeIt(Unknown Source)
	at org.apache.derby.impl.sql.compile.ProjectRestrictNode.optimizeIt(Unknown Source)
	at org.apache.derby.impl.sql.compile.OptimizerImpl.costPermutation(Unknown Source)
	at org.apache.derby.impl.sql.compile.SelectNode.optimize(Unknown Source)
	at org.apache.derby.impl.sql.compile.DMLStatementNode.optimizeStatement(Unknown Source)
	at org.apache.derby.impl.sql.compile.CursorNode.optimizeStatement(Unknown Source)
	at org.apache.derby.impl.sql.GenericStatement.prepMinion(Unknown Source)
	at org.apache.derby.impl.sql.GenericStatement.prepare(Unknown Source)
	at org.apache.derby.impl.sql.conn.GenericLanguageConnectionContext.prepareInternalStatement(Unknown Source)
	... 34 common frames omitted
Caused by: java.lang.ArrayIndexOutOfBoundsException: null
	at java.lang.System.arraycopy(Native Method)
	... 68 common frames omitted
2022-02-22 23:53:30,972 WARN [LOAD-USERS] load failed

org.springframework.jdbc.UncategorizedSQLException: PreparedStatementCallback; uncategorized SQLException for SQL [select count(*) from users where  1=1 ]; SQL state [XSDA4]; error code [20000]; An unexpected exception was thrown; nested exception is java.sql.SQLException: An unexpected exception was thrown
	at org.springframework.jdbc.support.AbstractFallbackSQLExceptionTranslator.translate(AbstractFallbackSQLExceptionTranslator.java:89)
	at org.springframework.jdbc.support.AbstractFallbackSQLExceptionTranslator.translate(AbstractFallbackSQLExceptionTranslator.java:81)
	at org.springframework.jdbc.support.AbstractFallbackSQLExceptionTranslator.translate(AbstractFallbackSQLExceptionTranslator.java:81)
	at org.springframework.jdbc.core.JdbcTemplate.translateException(JdbcTemplate.java:1443)
	at org.springframework.jdbc.core.JdbcTemplate.execute(JdbcTemplate.java:633)
	at org.springframework.jdbc.core.JdbcTemplate.query(JdbcTemplate.java:669)
	at org.springframework.jdbc.core.JdbcTemplate.query(JdbcTemplate.java:700)
	at org.springframework.jdbc.core.JdbcTemplate.query(JdbcTemplate.java:712)
	at org.springframework.jdbc.core.JdbcTemplate.queryForObject(JdbcTemplate.java:783)
	at org.springframework.jdbc.core.JdbcTemplate.queryForObject(JdbcTemplate.java:804)
	at com.alibaba.nacos.config.server.service.repository.embedded.BaseDatabaseOperate.queryOne(BaseDatabaseOperate.java:83)
	at com.alibaba.nacos.config.server.service.repository.embedded.StandaloneDatabaseOperateImpl.queryOne(StandaloneDatabaseOperateImpl.java:73)
	at com.alibaba.nacos.config.server.service.repository.embedded.EmbeddedPaginationHelperImpl.fetchPage(EmbeddedPaginationHelperImpl.java:65)
	at com.alibaba.nacos.config.server.service.repository.embedded.EmbeddedPaginationHelperImpl.fetchPage(EmbeddedPaginationHelperImpl.java:55)
	at com.alibaba.nacos.config.server.auth.EmbeddedUserPersistServiceImpl.getUsers(EmbeddedUserPersistServiceImpl.java:112)
	at com.alibaba.nacos.console.security.nacos.users.NacosUserDetailsServiceImpl.getUsersFromDatabase(NacosUserDetailsServiceImpl.java:89)
	at com.alibaba.nacos.console.security.nacos.users.NacosUserDetailsServiceImpl.reload(NacosUserDetailsServiceImpl.java:55)
	at sun.reflect.NativeMethodAccessorImpl.invoke0(Native Method)
	at sun.reflect.NativeMethodAccessorImpl.invoke(NativeMethodAccessorImpl.java:62)
	at sun.reflect.DelegatingMethodAccessorImpl.invoke(DelegatingMethodAccessorImpl.java:43)
	at java.lang.reflect.Method.invoke(Method.java:498)
	at org.springframework.scheduling.support.ScheduledMethodRunnable.run(ScheduledMethodRunnable.java:84)
	at org.springframework.scheduling.support.DelegatingErrorHandlingRunnable.run(DelegatingErrorHandlingRunnable.java:54)
	at java.util.concurrent.Executors$RunnableAdapter.call(Executors.java:511)
	at java.util.concurrent.FutureTask.runAndReset(FutureTask.java:308)
	at java.util.concurrent.ScheduledThreadPoolExecutor$ScheduledFutureTask.access$301(ScheduledThreadPoolExecutor.java:180)
	at java.util.concurrent.ScheduledThreadPoolExecutor$ScheduledFutureTask.run(ScheduledThreadPoolExecutor.java:294)
	at java.util.concurrent.ThreadPoolExecutor.runWorker(ThreadPoolExecutor.java:1149)
	at java.util.concurrent.ThreadPoolExecutor$Worker.run(ThreadPoolExecutor.java:624)
	at java.lang.Thread.run(Thread.java:748)
Caused by: java.sql.SQLException: An unexpected exception was thrown
	at org.apache.derby.impl.jdbc.SQLExceptionFactory.getSQLException(Unknown Source)
	at org.apache.derby.impl.jdbc.SQLExceptionFactory.getSQLException(Unknown Source)
	at org.apache.derby.impl.jdbc.Util.seeNextException(Unknown Source)
	at org.apache.derby.impl.jdbc.TransactionResourceImpl.wrapInSQLException(Unknown Source)
	at org.apache.derby.impl.jdbc.TransactionResourceImpl.handleException(Unknown Source)
	at org.apache.derby.impl.jdbc.EmbedConnection.handleException(Unknown Source)
	at org.apache.derby.impl.jdbc.ConnectionChild.handleException(Unknown Source)
	at org.apache.derby.impl.jdbc.EmbedPreparedStatement.<init>(Unknown Source)
	at org.apache.derby.impl.jdbc.EmbedPreparedStatement42.<init>(Unknown Source)
	at org.apache.derby.jdbc.Driver42.newEmbedPreparedStatement(Unknown Source)
	at org.apache.derby.impl.jdbc.EmbedConnection.prepareStatement(Unknown Source)
	at org.apache.derby.impl.jdbc.EmbedConnection.prepareStatement(Unknown Source)
	at com.zaxxer.hikari.pool.ProxyConnection.prepareStatement(ProxyConnection.java:316)
	at com.zaxxer.hikari.pool.HikariProxyConnection.prepareStatement(HikariProxyConnection.java)
	at org.springframework.jdbc.core.JdbcTemplate$SimplePreparedStatementCreator.createPreparedStatement(JdbcTemplate.java:1556)
	at org.springframework.jdbc.core.JdbcTemplate.execute(JdbcTemplate.java:615)
	... 25 common frames omitted
Caused by: org.apache.derby.iapi.error.StandardException: An unexpected exception was thrown
	at org.apache.derby.iapi.error.StandardException.newException(Unknown Source)
	at org.apache.derby.impl.jdbc.SQLExceptionFactory.wrapArgsForTransportAcrossDRDA(Unknown Source)
	... 41 common frames omitted
Caused by: org.apache.derby.iapi.error.StandardException: Unrecoverable internal error encountered while attempting to read low level metadata about the table or index. Please provide your support organization with the following exception information: Failed: arraycopy of embryonic page byte[204] to container information byte[80]. Values of variables and constants: MAX_BORROWED_SPACE: 204, BORROWED_SPACE_OFFSET(108) + BORROWED_SPACE_LENG(1) = 109; arraycopylength: 120; embryonic page Hex dump:
00000000: 241a 9c92 6d85 ce6d 6f93 4cd2 44fc dc3b  ..ﾜﾒmﾅￎmoﾓLￒD.ￜ.
00000010: 9825 67cf 3f77 eac1 c5b7 19f8 16ee f96f  ﾘ.gￏ.w..ￅﾷ.....o
00000020: 7648 30f5 c961 8735 a3da 2aee a0d8 92c3  vH0..aﾇ5ﾣￚ..ﾠ.ﾒￃ
00000030: cc6c cd9b 9b53 a069 7901 e494 72d5 4f37  ￌlￍﾛﾛSﾠiy..ﾔrￕO7
00000040: aa93 9e81 254c 5ddd d725 b1ba 1cc7 686b  ﾪﾓﾞﾁ.L..ￗ.ﾱﾺ.ￇhk
00000050: 00b6 abb7 f73e 7631 ad48 42a3 aeb1 05df  .ﾶﾫﾷ..v1ﾭHBﾣﾮﾱ..
00000060: deda 645c 8128 1365 0b6f 1f49 78a2 3e33  .ￚd.ﾁ..e.o.Ixﾢ.3
00000070: b401 3642 5325 ccd8 e193 287f 0a9c db66  ﾴ.6BS.ￌ..ﾓ...ﾜￛf
00000080: 1224 c368 fd17 e90c bfb6 e565 d48e f4da  ..ￃh.....ﾶ.eￔﾎ.ￚ
00000090: e848 9c1e 8f01 8260 15dd b60b 667b 900e  .Hﾜ.ﾏ.ﾂ...ﾶ.f.ﾐ.
000000a0: 466f a904 59f2 bfd4 f301 4030 3075 4d62  Foﾩ.Y..ￔ...00uMb
000000b0: 1c92 7a2d ebec 5808 4924 1d26 c267 66d6  .ﾒz...X.I...ￂgfￖ
000000c0: fab6 37d3 b4de 757c 274b 2ecc  .ﾶ7ￓﾴ.u..K.ￌ
.
	at org.apache.derby.iapi.error.StandardException.newException(Unknown Source)
	at org.apache.derby.impl.store.raw.data.AllocPage.ReadContainerInfo(Unknown Source)
	at org.apache.derby.impl.store.raw.data.FileContainer.readHeader(Unknown Source)
	at org.apache.derby.impl.store.raw.data.RAFContainer.run(Unknown Source)
	at java.security.AccessController.doPrivileged(Native Method)
	at org.apache.derby.impl.store.raw.data.RAFContainer.openContainer(Unknown Source)
	at org.apache.derby.impl.store.raw.data.RAFContainer4.openContainer(Unknown Source)
	at org.apache.derby.impl.store.raw.data.FileContainer.setIdent(Unknown Source)
	at org.apache.derby.impl.store.raw.data.FileContainer.setIdentity(Unknown Source)
	at org.apache.derby.impl.services.cache.ConcurrentCache.find(Unknown Source)
	at org.apache.derby.impl.store.raw.data.BaseDataFileFactory.openContainer(Unknown Source)
	at org.apache.derby.impl.store.raw.data.BaseDataFileFactory.openContainer(Unknown Source)
	at org.apache.derby.impl.store.raw.xact.Xact.openContainer(Unknown Source)
	at org.apache.derby.impl.store.access.btree.index.B2IFactory.readConglomerate(Unknown Source)
	at org.apache.derby.impl.store.access.CacheableConglomerate.setIdentity(Unknown Source)
	at org.apache.derby.impl.services.cache.ConcurrentCache.find(Unknown Source)
	at org.apache.derby.impl.store.access.RAMAccessManager.conglomCacheFind(Unknown Source)
	at org.apache.derby.impl.store.access.RAMTransaction.findConglomerate(Unknown Source)
	at org.apache.derby.impl.store.access.RAMTransaction.findExistingConglomerate(Unknown Source)
	at org.apache.derby.impl.store.access.RAMTransaction.openStoreCost(Unknown Source)
	at org.apache.derby.impl.sql.compile.CompilerContextImpl.getStoreCostController(Unknown Source)
	at org.apache.derby.impl.sql.compile.FromBaseTable.getStoreCostController(Unknown Source)
	at org.apache.derby.impl.sql.compile.FromBaseTable.estimateCost(Unknown Source)
	at org.apache.derby.impl.sql.compile.OptimizerImpl.estimateTotalCost(Unknown Source)
	at org.apache.derby.impl.sql.compile.OptimizerImpl.costBasedCostOptimizable(Unknown Source)
	at org.apache.derby.impl.sql.compile.OptimizerImpl.costOptimizable(Unknown Source)
	at org.apache.derby.impl.sql.compile.FromBaseTable.optimizeIt(Unknown Source)
	at org.apache.derby.impl.sql.compile.ProjectRestrictNode.optimizeIt(Unknown Source)
	at org.apache.derby.impl.sql.compile.OptimizerImpl.costPermutation(Unknown Source)
	at org.apache.derby.impl.sql.compile.SelectNode.optimize(Unknown Source)
	at org.apache.derby.impl.sql.compile.DMLStatementNode.optimizeStatement(Unknown Source)
	at org.apache.derby.impl.sql.compile.CursorNode.optimizeStatement(Unknown Source)
	at org.apache.derby.impl.sql.GenericStatement.prepMinion(Unknown Source)
	at org.apache.derby.impl.sql.GenericStatement.prepare(Unknown Source)
	at org.apache.derby.impl.sql.conn.GenericLanguageConnectionContext.prepareInternalStatement(Unknown Source)
	... 34 common frames omitted
Caused by: java.lang.ArrayIndexOutOfBoundsException: null
	at java.lang.System.arraycopy(Native Method)
	... 68 common frames omitted
2022-02-22 23:53:45,980 WARN [LOAD-USERS] load failed

org.springframework.jdbc.UncategorizedSQLException: PreparedStatementCallback; uncategorized SQLException for SQL [select count(*) from users where  1=1 ]; SQL state [XSDA4]; error code [20000]; An unexpected exception was thrown; nested exception is java.sql.SQLException: An unexpected exception was thrown
	at org.springframework.jdbc.support.AbstractFallbackSQLExceptionTranslator.translate(AbstractFallbackSQLExceptionTranslator.java:89)
	at org.springframework.jdbc.support.AbstractFallbackSQLExceptionTranslator.translate(AbstractFallbackSQLExceptionTranslator.java:81)
	at org.springframework.jdbc.support.AbstractFallbackSQLExceptionTranslator.translate(AbstractFallbackSQLExceptionTranslator.java:81)
	at org.springframework.jdbc.core.JdbcTemplate.translateException(JdbcTemplate.java:1443)
	at org.springframework.jdbc.core.JdbcTemplate.execute(JdbcTemplate.java:633)
	at org.springframework.jdbc.core.JdbcTemplate.query(JdbcTemplate.java:669)
	at org.springframework.jdbc.core.JdbcTemplate.query(JdbcTemplate.java:700)
	at org.springframework.jdbc.core.JdbcTemplate.query(JdbcTemplate.java:712)
	at org.springframework.jdbc.core.JdbcTemplate.queryForObject(JdbcTemplate.java:783)
	at org.springframework.jdbc.core.JdbcTemplate.queryForObject(JdbcTemplate.java:804)
	at com.alibaba.nacos.config.server.service.repository.embedded.BaseDatabaseOperate.queryOne(BaseDatabaseOperate.java:83)
	at com.alibaba.nacos.config.server.service.repository.embedded.StandaloneDatabaseOperateImpl.queryOne(StandaloneDatabaseOperateImpl.java:73)
	at com.alibaba.nacos.config.server.service.repository.embedded.EmbeddedPaginationHelperImpl.fetchPage(EmbeddedPaginationHelperImpl.java:65)
	at com.alibaba.nacos.config.server.service.repository.embedded.EmbeddedPaginationHelperImpl.fetchPage(EmbeddedPaginationHelperImpl.java:55)
	at com.alibaba.nacos.config.server.auth.EmbeddedUserPersistServiceImpl.getUsers(EmbeddedUserPersistServiceImpl.java:112)
	at com.alibaba.nacos.console.security.nacos.users.NacosUserDetailsServiceImpl.getUsersFromDatabase(NacosUserDetailsServiceImpl.java:89)
	at com.alibaba.nacos.console.security.nacos.users.NacosUserDetailsServiceImpl.reload(NacosUserDetailsServiceImpl.java:55)
	at sun.reflect.NativeMethodAccessorImpl.invoke0(Native Method)
	at sun.reflect.NativeMethodAccessorImpl.invoke(NativeMethodAccessorImpl.java:62)
	at sun.reflect.DelegatingMethodAccessorImpl.invoke(DelegatingMethodAccessorImpl.java:43)
	at java.lang.reflect.Method.invoke(Method.java:498)
	at org.springframework.scheduling.support.ScheduledMethodRunnable.run(ScheduledMethodRunnable.java:84)
	at org.springframework.scheduling.support.DelegatingErrorHandlingRunnable.run(DelegatingErrorHandlingRunnable.java:54)
	at java.util.concurrent.Executors$RunnableAdapter.call(Executors.java:511)
	at java.util.concurrent.FutureTask.runAndReset(FutureTask.java:308)
	at java.util.concurrent.ScheduledThreadPoolExecutor$ScheduledFutureTask.access$301(ScheduledThreadPoolExecutor.java:180)
	at java.util.concurrent.ScheduledThreadPoolExecutor$ScheduledFutureTask.run(ScheduledThreadPoolExecutor.java:294)
	at java.util.concurrent.ThreadPoolExecutor.runWorker(ThreadPoolExecutor.java:1149)
	at java.util.concurrent.ThreadPoolExecutor$Worker.run(ThreadPoolExecutor.java:624)
	at java.lang.Thread.run(Thread.java:748)
Caused by: java.sql.SQLException: An unexpected exception was thrown
	at org.apache.derby.impl.jdbc.SQLExceptionFactory.getSQLException(Unknown Source)
	at org.apache.derby.impl.jdbc.SQLExceptionFactory.getSQLException(Unknown Source)
	at org.apache.derby.impl.jdbc.Util.seeNextException(Unknown Source)
	at org.apache.derby.impl.jdbc.TransactionResourceImpl.wrapInSQLException(Unknown Source)
	at org.apache.derby.impl.jdbc.TransactionResourceImpl.handleException(Unknown Source)
	at org.apache.derby.impl.jdbc.EmbedConnection.handleException(Unknown Source)
	at org.apache.derby.impl.jdbc.ConnectionChild.handleException(Unknown Source)
	at org.apache.derby.impl.jdbc.EmbedPreparedStatement.<init>(Unknown Source)
	at org.apache.derby.impl.jdbc.EmbedPreparedStatement42.<init>(Unknown Source)
	at org.apache.derby.jdbc.Driver42.newEmbedPreparedStatement(Unknown Source)
	at org.apache.derby.impl.jdbc.EmbedConnection.prepareStatement(Unknown Source)
	at org.apache.derby.impl.jdbc.EmbedConnection.prepareStatement(Unknown Source)
	at com.zaxxer.hikari.pool.ProxyConnection.prepareStatement(ProxyConnection.java:316)
	at com.zaxxer.hikari.pool.HikariProxyConnection.prepareStatement(HikariProxyConnection.java)
	at org.springframework.jdbc.core.JdbcTemplate$SimplePreparedStatementCreator.createPreparedStatement(JdbcTemplate.java:1556)
	at org.springframework.jdbc.core.JdbcTemplate.execute(JdbcTemplate.java:615)
	... 25 common frames omitted
Caused by: org.apache.derby.iapi.error.StandardException: An unexpected exception was thrown
	at org.apache.derby.iapi.error.StandardException.newException(Unknown Source)
	at org.apache.derby.impl.jdbc.SQLExceptionFactory.wrapArgsForTransportAcrossDRDA(Unknown Source)
	... 41 common frames omitted
Caused by: org.apache.derby.iapi.error.StandardException: Unrecoverable internal error encountered while attempting to read low level metadata about the table or index. Please provide your support organization with the following exception information: Failed: arraycopy of embryonic page byte[204] to container information byte[80]. Values of variables and constants: MAX_BORROWED_SPACE: 204, BORROWED_SPACE_OFFSET(108) + BORROWED_SPACE_LENG(1) = 109; arraycopylength: 120; embryonic page Hex dump:
00000000: 241a 9c92 6d85 ce6d 6f93 4cd2 44fc dc3b  ..ﾜﾒmﾅￎmoﾓLￒD.ￜ.
00000010: 9825 67cf 3f77 eac1 c5b7 19f8 16ee f96f  ﾘ.gￏ.w..ￅﾷ.....o
00000020: 7648 30f5 c961 8735 a3da 2aee a0d8 92c3  vH0..aﾇ5ﾣￚ..ﾠ.ﾒￃ
00000030: cc6c cd9b 9b53 a069 7901 e494 72d5 4f37  ￌlￍﾛﾛSﾠiy..ﾔrￕO7
00000040: aa93 9e81 254c 5ddd d725 b1ba 1cc7 686b  ﾪﾓﾞﾁ.L..ￗ.ﾱﾺ.ￇhk
00000050: 00b6 abb7 f73e 7631 ad48 42a3 aeb1 05df  .ﾶﾫﾷ..v1ﾭHBﾣﾮﾱ..
00000060: deda 645c 8128 1365 0b6f 1f49 78a2 3e33  .ￚd.ﾁ..e.o.Ixﾢ.3
00000070: b401 3642 5325 ccd8 e193 287f 0a9c db66  ﾴ.6BS.ￌ..ﾓ...ﾜￛf
00000080: 1224 c368 fd17 e90c bfb6 e565 d48e f4da  ..ￃh.....ﾶ.eￔﾎ.ￚ
00000090: e848 9c1e 8f01 8260 15dd b60b 667b 900e  .Hﾜ.ﾏ.ﾂ...ﾶ.f.ﾐ.
000000a0: 466f a904 59f2 bfd4 f301 4030 3075 4d62  Foﾩ.Y..ￔ...00uMb
000000b0: 1c92 7a2d ebec 5808 4924 1d26 c267 66d6  .ﾒz...X.I...ￂgfￖ
000000c0: fab6 37d3 b4de 757c 274b 2ecc  .ﾶ7ￓﾴ.u..K.ￌ
.
	at org.apache.derby.iapi.error.StandardException.newException(Unknown Source)
	at org.apache.derby.impl.store.raw.data.AllocPage.ReadContainerInfo(Unknown Source)
	at org.apache.derby.impl.store.raw.data.FileContainer.readHeader(Unknown Source)
	at org.apache.derby.impl.store.raw.data.RAFContainer.run(Unknown Source)
	at java.security.AccessController.doPrivileged(Native Method)
	at org.apache.derby.impl.store.raw.data.RAFContainer.openContainer(Unknown Source)
	at org.apache.derby.impl.store.raw.data.RAFContainer4.openContainer(Unknown Source)
	at org.apache.derby.impl.store.raw.data.FileContainer.setIdent(Unknown Source)
	at org.apache.derby.impl.store.raw.data.FileContainer.setIdentity(Unknown Source)
	at org.apache.derby.impl.services.cache.ConcurrentCache.find(Unknown Source)
	at org.apache.derby.impl.store.raw.data.BaseDataFileFactory.openContainer(Unknown Source)
	at org.apache.derby.impl.store.raw.data.BaseDataFileFactory.openContainer(Unknown Source)
	at org.apache.derby.impl.store.raw.xact.Xact.openContainer(Unknown Source)
	at org.apache.derby.impl.store.access.btree.index.B2IFactory.readConglomerate(Unknown Source)
	at org.apache.derby.impl.store.access.CacheableConglomerate.setIdentity(Unknown Source)
	at org.apache.derby.impl.services.cache.ConcurrentCache.find(Unknown Source)
	at org.apache.derby.impl.store.access.RAMAccessManager.conglomCacheFind(Unknown Source)
	at org.apache.derby.impl.store.access.RAMTransaction.findConglomerate(Unknown Source)
	at org.apache.derby.impl.store.access.RAMTransaction.findExistingConglomerate(Unknown Source)
	at org.apache.derby.impl.store.access.RAMTransaction.openStoreCost(Unknown Source)
	at org.apache.derby.impl.sql.compile.CompilerContextImpl.getStoreCostController(Unknown Source)
	at org.apache.derby.impl.sql.compile.FromBaseTable.getStoreCostController(Unknown Source)
	at org.apache.derby.impl.sql.compile.FromBaseTable.estimateCost(Unknown Source)
	at org.apache.derby.impl.sql.compile.OptimizerImpl.estimateTotalCost(Unknown Source)
	at org.apache.derby.impl.sql.compile.OptimizerImpl.costBasedCostOptimizable(Unknown Source)
	at org.apache.derby.impl.sql.compile.OptimizerImpl.costOptimizable(Unknown Source)
	at org.apache.derby.impl.sql.compile.FromBaseTable.optimizeIt(Unknown Source)
	at org.apache.derby.impl.sql.compile.ProjectRestrictNode.optimizeIt(Unknown Source)
	at org.apache.derby.impl.sql.compile.OptimizerImpl.costPermutation(Unknown Source)
	at org.apache.derby.impl.sql.compile.SelectNode.optimize(Unknown Source)
	at org.apache.derby.impl.sql.compile.DMLStatementNode.optimizeStatement(Unknown Source)
	at org.apache.derby.impl.sql.compile.CursorNode.optimizeStatement(Unknown Source)
	at org.apache.derby.impl.sql.GenericStatement.prepMinion(Unknown Source)
	at org.apache.derby.impl.sql.GenericStatement.prepare(Unknown Source)
	at org.apache.derby.impl.sql.conn.GenericLanguageConnectionContext.prepareInternalStatement(Unknown Source)
	... 34 common frames omitted
Caused by: java.lang.ArrayIndexOutOfBoundsException: null
	at java.lang.System.arraycopy(Native Method)
	... 68 common frames omitted
2022-02-22 23:54:00,984 WARN [LOAD-USERS] load failed

org.springframework.jdbc.UncategorizedSQLException: PreparedStatementCallback; uncategorized SQLException for SQL [select count(*) from users where  1=1 ]; SQL state [XSDA4]; error code [20000]; An unexpected exception was thrown; nested exception is java.sql.SQLException: An unexpected exception was thrown
	at org.springframework.jdbc.support.AbstractFallbackSQLExceptionTranslator.translate(AbstractFallbackSQLExceptionTranslator.java:89)
	at org.springframework.jdbc.support.AbstractFallbackSQLExceptionTranslator.translate(AbstractFallbackSQLExceptionTranslator.java:81)
	at org.springframework.jdbc.support.AbstractFallbackSQLExceptionTranslator.translate(AbstractFallbackSQLExceptionTranslator.java:81)
	at org.springframework.jdbc.core.JdbcTemplate.translateException(JdbcTemplate.java:1443)
	at org.springframework.jdbc.core.JdbcTemplate.execute(JdbcTemplate.java:633)
	at org.springframework.jdbc.core.JdbcTemplate.query(JdbcTemplate.java:669)
	at org.springframework.jdbc.core.JdbcTemplate.query(JdbcTemplate.java:700)
	at org.springframework.jdbc.core.JdbcTemplate.query(JdbcTemplate.java:712)
	at org.springframework.jdbc.core.JdbcTemplate.queryForObject(JdbcTemplate.java:783)
	at org.springframework.jdbc.core.JdbcTemplate.queryForObject(JdbcTemplate.java:804)
	at com.alibaba.nacos.config.server.service.repository.embedded.BaseDatabaseOperate.queryOne(BaseDatabaseOperate.java:83)
	at com.alibaba.nacos.config.server.service.repository.embedded.StandaloneDatabaseOperateImpl.queryOne(StandaloneDatabaseOperateImpl.java:73)
	at com.alibaba.nacos.config.server.service.repository.embedded.EmbeddedPaginationHelperImpl.fetchPage(EmbeddedPaginationHelperImpl.java:65)
	at com.alibaba.nacos.config.server.service.repository.embedded.EmbeddedPaginationHelperImpl.fetchPage(EmbeddedPaginationHelperImpl.java:55)
	at com.alibaba.nacos.config.server.auth.EmbeddedUserPersistServiceImpl.getUsers(EmbeddedUserPersistServiceImpl.java:112)
	at com.alibaba.nacos.console.security.nacos.users.NacosUserDetailsServiceImpl.getUsersFromDatabase(NacosUserDetailsServiceImpl.java:89)
	at com.alibaba.nacos.console.security.nacos.users.NacosUserDetailsServiceImpl.reload(NacosUserDetailsServiceImpl.java:55)
	at sun.reflect.NativeMethodAccessorImpl.invoke0(Native Method)
	at sun.reflect.NativeMethodAccessorImpl.invoke(NativeMethodAccessorImpl.java:62)
	at sun.reflect.DelegatingMethodAccessorImpl.invoke(DelegatingMethodAccessorImpl.java:43)
	at java.lang.reflect.Method.invoke(Method.java:498)
	at org.springframework.scheduling.support.ScheduledMethodRunnable.run(ScheduledMethodRunnable.java:84)
	at org.springframework.scheduling.support.DelegatingErrorHandlingRunnable.run(DelegatingErrorHandlingRunnable.java:54)
	at java.util.concurrent.Executors$RunnableAdapter.call(Executors.java:511)
	at java.util.concurrent.FutureTask.runAndReset(FutureTask.java:308)
	at java.util.concurrent.ScheduledThreadPoolExecutor$ScheduledFutureTask.access$301(ScheduledThreadPoolExecutor.java:180)
	at java.util.concurrent.ScheduledThreadPoolExecutor$ScheduledFutureTask.run(ScheduledThreadPoolExecutor.java:294)
	at java.util.concurrent.ThreadPoolExecutor.runWorker(ThreadPoolExecutor.java:1149)
	at java.util.concurrent.ThreadPoolExecutor$Worker.run(ThreadPoolExecutor.java:624)
	at java.lang.Thread.run(Thread.java:748)
Caused by: java.sql.SQLException: An unexpected exception was thrown
	at org.apache.derby.impl.jdbc.SQLExceptionFactory.getSQLException(Unknown Source)
	at org.apache.derby.impl.jdbc.SQLExceptionFactory.getSQLException(Unknown Source)
	at org.apache.derby.impl.jdbc.Util.seeNextException(Unknown Source)
	at org.apache.derby.impl.jdbc.TransactionResourceImpl.wrapInSQLException(Unknown Source)
	at org.apache.derby.impl.jdbc.TransactionResourceImpl.handleException(Unknown Source)
	at org.apache.derby.impl.jdbc.EmbedConnection.handleException(Unknown Source)
	at org.apache.derby.impl.jdbc.ConnectionChild.handleException(Unknown Source)
	at org.apache.derby.impl.jdbc.EmbedPreparedStatement.<init>(Unknown Source)
	at org.apache.derby.impl.jdbc.EmbedPreparedStatement42.<init>(Unknown Source)
	at org.apache.derby.jdbc.Driver42.newEmbedPreparedStatement(Unknown Source)
	at org.apache.derby.impl.jdbc.EmbedConnection.prepareStatement(Unknown Source)
	at org.apache.derby.impl.jdbc.EmbedConnection.prepareStatement(Unknown Source)
	at com.zaxxer.hikari.pool.ProxyConnection.prepareStatement(ProxyConnection.java:316)
	at com.zaxxer.hikari.pool.HikariProxyConnection.prepareStatement(HikariProxyConnection.java)
	at org.springframework.jdbc.core.JdbcTemplate$SimplePreparedStatementCreator.createPreparedStatement(JdbcTemplate.java:1556)
	at org.springframework.jdbc.core.JdbcTemplate.execute(JdbcTemplate.java:615)
	... 25 common frames omitted
Caused by: org.apache.derby.iapi.error.StandardException: An unexpected exception was thrown
	at org.apache.derby.iapi.error.StandardException.newException(Unknown Source)
	at org.apache.derby.impl.jdbc.SQLExceptionFactory.wrapArgsForTransportAcrossDRDA(Unknown Source)
	... 41 common frames omitted
Caused by: org.apache.derby.iapi.error.StandardException: Unrecoverable internal error encountered while attempting to read low level metadata about the table or index. Please provide your support organization with the following exception information: Failed: arraycopy of embryonic page byte[204] to container information byte[80]. Values of variables and constants: MAX_BORROWED_SPACE: 204, BORROWED_SPACE_OFFSET(108) + BORROWED_SPACE_LENG(1) = 109; arraycopylength: 120; embryonic page Hex dump:
00000000: 241a 9c92 6d85 ce6d 6f93 4cd2 44fc dc3b  ..ﾜﾒmﾅￎmoﾓLￒD.ￜ.
00000010: 9825 67cf 3f77 eac1 c5b7 19f8 16ee f96f  ﾘ.gￏ.w..ￅﾷ.....o
00000020: 7648 30f5 c961 8735 a3da 2aee a0d8 92c3  vH0..aﾇ5ﾣￚ..ﾠ.ﾒￃ
00000030: cc6c cd9b 9b53 a069 7901 e494 72d5 4f37  ￌlￍﾛﾛSﾠiy..ﾔrￕO7
00000040: aa93 9e81 254c 5ddd d725 b1ba 1cc7 686b  ﾪﾓﾞﾁ.L..ￗ.ﾱﾺ.ￇhk
00000050: 00b6 abb7 f73e 7631 ad48 42a3 aeb1 05df  .ﾶﾫﾷ..v1ﾭHBﾣﾮﾱ..
00000060: deda 645c 8128 1365 0b6f 1f49 78a2 3e33  .ￚd.ﾁ..e.o.Ixﾢ.3
00000070: b401 3642 5325 ccd8 e193 287f 0a9c db66  ﾴ.6BS.ￌ..ﾓ...ﾜￛf
00000080: 1224 c368 fd17 e90c bfb6 e565 d48e f4da  ..ￃh.....ﾶ.eￔﾎ.ￚ
00000090: e848 9c1e 8f01 8260 15dd b60b 667b 900e  .Hﾜ.ﾏ.ﾂ...ﾶ.f.ﾐ.
000000a0: 466f a904 59f2 bfd4 f301 4030 3075 4d62  Foﾩ.Y..ￔ...00uMb
000000b0: 1c92 7a2d ebec 5808 4924 1d26 c267 66d6  .ﾒz...X.I...ￂgfￖ
000000c0: fab6 37d3 b4de 757c 274b 2ecc  .ﾶ7ￓﾴ.u..K.ￌ
.
	at org.apache.derby.iapi.error.StandardException.newException(Unknown Source)
	at org.apache.derby.impl.store.raw.data.AllocPage.ReadContainerInfo(Unknown Source)
	at org.apache.derby.impl.store.raw.data.FileContainer.readHeader(Unknown Source)
	at org.apache.derby.impl.store.raw.data.RAFContainer.run(Unknown Source)
	at java.security.AccessController.doPrivileged(Native Method)
	at org.apache.derby.impl.store.raw.data.RAFContainer.openContainer(Unknown Source)
	at org.apache.derby.impl.store.raw.data.RAFContainer4.openContainer(Unknown Source)
	at org.apache.derby.impl.store.raw.data.FileContainer.setIdent(Unknown Source)
	at org.apache.derby.impl.store.raw.data.FileContainer.setIdentity(Unknown Source)
	at org.apache.derby.impl.services.cache.ConcurrentCache.find(Unknown Source)
	at org.apache.derby.impl.store.raw.data.BaseDataFileFactory.openContainer(Unknown Source)
	at org.apache.derby.impl.store.raw.data.BaseDataFileFactory.openContainer(Unknown Source)
	at org.apache.derby.impl.store.raw.xact.Xact.openContainer(Unknown Source)
	at org.apache.derby.impl.store.access.btree.index.B2IFactory.readConglomerate(Unknown Source)
	at org.apache.derby.impl.store.access.CacheableConglomerate.setIdentity(Unknown Source)
	at org.apache.derby.impl.services.cache.ConcurrentCache.find(Unknown Source)
	at org.apache.derby.impl.store.access.RAMAccessManager.conglomCacheFind(Unknown Source)
	at org.apache.derby.impl.store.access.RAMTransaction.findConglomerate(Unknown Source)
	at org.apache.derby.impl.store.access.RAMTransaction.findExistingConglomerate(Unknown Source)
	at org.apache.derby.impl.store.access.RAMTransaction.openStoreCost(Unknown Source)
	at org.apache.derby.impl.sql.compile.CompilerContextImpl.getStoreCostController(Unknown Source)
	at org.apache.derby.impl.sql.compile.FromBaseTable.getStoreCostController(Unknown Source)
	at org.apache.derby.impl.sql.compile.FromBaseTable.estimateCost(Unknown Source)
	at org.apache.derby.impl.sql.compile.OptimizerImpl.estimateTotalCost(Unknown Source)
	at org.apache.derby.impl.sql.compile.OptimizerImpl.costBasedCostOptimizable(Unknown Source)
	at org.apache.derby.impl.sql.compile.OptimizerImpl.costOptimizable(Unknown Source)
	at org.apache.derby.impl.sql.compile.FromBaseTable.optimizeIt(Unknown Source)
	at org.apache.derby.impl.sql.compile.ProjectRestrictNode.optimizeIt(Unknown Source)
	at org.apache.derby.impl.sql.compile.OptimizerImpl.costPermutation(Unknown Source)
	at org.apache.derby.impl.sql.compile.SelectNode.optimize(Unknown Source)
	at org.apache.derby.impl.sql.compile.DMLStatementNode.optimizeStatement(Unknown Source)
	at org.apache.derby.impl.sql.compile.CursorNode.optimizeStatement(Unknown Source)
	at org.apache.derby.impl.sql.GenericStatement.prepMinion(Unknown Source)
	at org.apache.derby.impl.sql.GenericStatement.prepare(Unknown Source)
	at org.apache.derby.impl.sql.conn.GenericLanguageConnectionContext.prepareInternalStatement(Unknown Source)
	... 34 common frames omitted
Caused by: java.lang.ArrayIndexOutOfBoundsException: null
	at java.lang.System.arraycopy(Native Method)
	... 68 common frames omitted
