2022-03-05 09:08:59,465 INFO raft peers changed: [Member{ip='192.168.1.3', port=8848, state=UP, extendInfo={raftPort=7848}}]

2022-03-05 09:08:59,526 INFO initializing Raft sub-system

2022-03-05 09:08:59,527 INFO finish loading all datums, size: 0 cost 1 ms.

2022-03-05 09:08:59,537 INFO cache loaded, datum count: 0, current term: 0

2022-03-05 09:08:59,537 INFO finish to load data from disk, cost: 11 ms.

2022-03-05 09:08:59,542 INFO timer started: leader timeout ms: 15000, heart-beat timeout ms: 5000

2022-03-05 09:09:00,807 INFO add listener: com.alibaba.nacos.naming.domains.meta.00-00---000-NACOS_SWITCH_DOMAIN-000---00-00

2022-03-05 09:09:00,832 INFO add listener: com.alibaba.nacos.naming.domains.meta.

2022-03-05 09:09:04,418 WARN start to close old raft protocol!!!

2022-03-05 09:09:04,418 WARN stop old raft protocol task for notifier

2022-03-05 09:09:04,418 WARN stop old raft protocol task for master task

2022-03-05 09:09:04,418 WARN stop old raft protocol task for heartbeat task

2022-03-05 09:09:04,418 WARN clean old cache datum for old raft

2022-03-05 09:09:04,418 WARN start to close old raft protocol!!!

2022-03-05 09:09:04,418 WARN stop old raft protocol task for notifier

2022-03-05 09:09:04,418 WARN stop old raft protocol task for master task

2022-03-05 09:09:04,418 WARN stop old raft protocol task for heartbeat task

2022-03-05 09:09:04,418 WARN clean old cache datum for old raft

2022-03-05 09:09:04,418 WARN start to move old raft protocol metadata

2022-03-05 09:09:04,424 WARN start to move old raft protocol metadata

2022-03-05 09:09:04,425 INFO raft peers changed: [Member{ip='192.168.1.3', port=8848, state=UP, extendInfo={lastRefreshTime=1646442544424, raftPort=7848, version=1.4.2}}]

2022-03-05 09:19:50,397 INFO raft peers changed: [Member{ip='192.168.1.3', port=8848, state=UP, extendInfo={raftPort=7848}}]

2022-03-05 09:19:50,467 INFO initializing Raft sub-system

2022-03-05 09:19:50,468 INFO finish loading all datums, size: 0 cost 1 ms.

2022-03-05 09:19:50,493 INFO cache loaded, datum count: 0, current term: 0

2022-03-05 09:19:50,494 INFO finish to load data from disk, cost: 27 ms.

2022-03-05 09:19:50,498 INFO timer started: leader timeout ms: 15000, heart-beat timeout ms: 5000

2022-03-05 09:19:51,608 INFO add listener: com.alibaba.nacos.naming.domains.meta.00-00---000-NACOS_SWITCH_DOMAIN-000---00-00

2022-03-05 09:19:51,630 INFO add listener: com.alibaba.nacos.naming.domains.meta.

2022-03-05 09:19:52,761 INFO leader timeout, start voting,leader: {"ip":"192.168.1.3:8848","term":0,"leaderDueMs":16989,"heartbeatDueMs":4500,"state":"FOLLOWER"}, term: 0

2022-03-05 09:19:55,343 WARN start to close old raft protocol!!!

2022-03-05 09:19:55,343 WARN stop old raft protocol task for notifier

2022-03-05 09:19:55,343 WARN stop old raft protocol task for master task

2022-03-05 09:19:55,343 WARN stop old raft protocol task for heartbeat task

2022-03-05 09:19:55,343 WARN clean old cache datum for old raft

2022-03-05 09:19:55,344 WARN start to close old raft protocol!!!

2022-03-05 09:19:55,344 WARN stop old raft protocol task for notifier

2022-03-05 09:19:55,344 WARN stop old raft protocol task for master task

2022-03-05 09:19:55,344 WARN stop old raft protocol task for heartbeat task

2022-03-05 09:19:55,344 WARN clean old cache datum for old raft

2022-03-05 09:19:55,344 WARN start to move old raft protocol metadata

2022-03-05 09:19:55,347 WARN start to move old raft protocol metadata

2022-03-05 09:19:55,348 INFO raft peers changed: [Member{ip='192.168.1.3', port=8848, state=UP, extendInfo={lastRefreshTime=1646443195347, raftPort=7848, version=1.4.2}}]

2022-03-05 09:22:35,104 INFO add listener: com.alibaba.nacos.naming.iplist.public##DEFAULT_GROUP@@gulimall-search

2022-03-05 09:22:36,619 INFO add listener: com.alibaba.nacos.naming.iplist.public##DEFAULT_GROUP@@gulimall-auth-server

2022-03-05 09:22:39,078 INFO add listener: com.alibaba.nacos.naming.iplist.public##DEFAULT_GROUP@@gulimall-ware

2022-03-05 09:22:39,960 INFO add listener: com.alibaba.nacos.naming.iplist.public##DEFAULT_GROUP@@gulimall-third-party

2022-03-05 09:22:46,058 INFO add listener: com.alibaba.nacos.naming.iplist.public##DEFAULT_GROUP@@gulimall-coupon

2022-03-05 09:22:46,065 INFO add listener: com.alibaba.nacos.naming.iplist.public##DEFAULT_GROUP@@gulimall-gateway

2022-03-05 09:22:53,883 INFO add listener: com.alibaba.nacos.naming.iplist.public##DEFAULT_GROUP@@gulimall-cart

2022-03-05 09:22:58,978 INFO add listener: com.alibaba.nacos.naming.iplist.public##DEFAULT_GROUP@@gulimall-member

2022-03-05 09:23:04,265 INFO add listener: com.alibaba.nacos.naming.iplist.public##DEFAULT_GROUP@@gulimall-order

2022-03-05 09:23:08,186 INFO add listener: com.alibaba.nacos.naming.iplist.public##DEFAULT_GROUP@@gulimall-seckill

2022-03-05 09:23:13,984 INFO add listener: com.alibaba.nacos.naming.iplist.public##DEFAULT_GROUP@@gulimall-product

2022-03-05 09:23:24,165 INFO add listener: com.alibaba.nacos.naming.iplist.public##DEFAULT_GROUP@@renren-fast

