2022-03-05 00:00:26,522 INFO PERFORMANCE:|12|12|-1|-1

2022-03-05 00:05:29,718 INFO PERFORMANCE:|12|12|-1|-1

2022-03-05 00:10:29,719 INFO PERFORMANCE:|12|12|-1|-1

2022-03-05 00:15:29,719 INFO PERFORMANCE:|12|12|-1|-1

2022-03-05 09:09:31,815 INFO PERFORMANCE:|0|0|-1|-1

2022-03-05 09:14:31,817 INFO PERFORMANCE:|0|0|-1|-1

2022-03-05 09:20:22,811 INFO PERFORMANCE:|0|0|-1|-1

2022-03-05 09:25:22,924 INFO PERFORMANCE:|12|12|-1|-1

2022-03-05 09:30:22,926 INFO PERFORMANCE:|12|12|-1|-1

2022-03-05 09:35:22,928 INFO PERFORMANCE:|12|12|-1|-1

2022-03-05 09:40:22,928 INFO PERFORMANCE:|12|12|-1|-1

2022-03-05 09:45:22,928 INFO PERFORMANCE:|12|12|-1|-1

2022-03-05 09:50:22,930 INFO PERFORMANCE:|12|12|-1|-1

2022-03-05 09:55:22,932 INFO PERFORMANCE:|12|12|-1|-1

2022-03-05 10:00:22,933 INFO PERFORMANCE:|12|12|-1|-1

2022-03-05 10:05:22,934 INFO PERFORMANCE:|12|12|-1|-1

2022-03-05 10:10:22,936 INFO PERFORMANCE:|12|12|-1|-1

2022-03-05 10:15:22,936 INFO PERFORMANCE:|12|12|-1|-1

2022-03-05 10:20:22,937 INFO PERFORMANCE:|12|12|-1|-1

2022-03-05 10:25:22,938 INFO PERFORMANCE:|12|12|-1|-1

2022-03-05 10:30:22,938 INFO PERFORMANCE:|12|12|-1|-1

2022-03-05 10:35:22,939 INFO PERFORMANCE:|12|12|-1|-1

2022-03-05 10:40:22,940 INFO PERFORMANCE:|12|12|-1|-1

2022-03-05 10:45:22,942 INFO PERFORMANCE:|12|12|-1|-1

2022-03-05 10:50:22,944 INFO PERFORMANCE:|12|12|-1|-1

2022-03-05 10:55:22,946 INFO PERFORMANCE:|12|12|-1|-1

2022-03-05 11:00:22,948 INFO PERFORMANCE:|12|12|-1|-1

2022-03-05 11:05:22,949 INFO PERFORMANCE:|12|12|-1|-1

2022-03-05 11:10:22,950 INFO PERFORMANCE:|12|12|-1|-1

2022-03-05 11:15:22,950 INFO PERFORMANCE:|12|12|-1|-1

2022-03-05 11:20:22,951 INFO PERFORMANCE:|12|12|-1|-1

2022-03-05 11:25:22,952 INFO PERFORMANCE:|12|12|-1|-1

2022-03-05 11:30:22,953 INFO PERFORMANCE:|12|12|-1|-1

2022-03-05 11:35:22,975 INFO PERFORMANCE:|12|12|-1|-1

2022-03-05 11:40:22,976 INFO PERFORMANCE:|12|12|-1|-1

2022-03-05 11:45:22,977 INFO PERFORMANCE:|12|12|-1|-1

2022-03-05 11:50:22,977 INFO PERFORMANCE:|12|12|-1|-1

2022-03-05 11:55:22,977 INFO PERFORMANCE:|12|12|-1|-1

